
##############################################
Beginning test 2_3_ElevenServers

*CMD.........	Starting --id 1 --servername theshire --port 32201 --info "Home of the Hobbits" --log-file theshire.log
[theshire] 	Launching server theshire...
*CMD.........	Waiting... 0.25
[theshire] 	[SERVER] Configuring the server socket...
[theshire] 	Listening for new connections on port 32201
*CMD.........	Starting --id 2 --servername rivendale --port 32202 --info "Elronds House" --log-file rivendale.log --connect_to_host theshire --connect_to_port 32201
[rivendale] 	Launching server rivendale...
*CMD.........	Waiting... 0.25
[rivendale] 	[SERVER] Configuring the server socket...
[rivendale] 	[SERVER] Connecting to remote server theshire:32201...
[rivendale] 	Listening for new connections on port 32202
[SERVER] Current socket: <socket.socket fd=17, family=2, type=1, proto=0, laddr=('0.0.0.0', 32201)>
* [SERVER] * 'theshire' accepting new connection from '('127.0.0.1', 51030)...
[theshire] 	Received msg from Host ID #2 "b'\x00\x00\x00\x00\x02\x00\x00\x00\x00\t\x00\x0frivendale"Elronds House"'"
[rivendale] 	Received msg from Host ID #1 "b'\x00\x00\x00\x00\x01\x00\x00\x00\x01\x08\x00\x15theshire"Home of the Hobbits"'"
[SERVER] rivendale ADJACENT IDS: [1] 
*CMD.........	Starting --id 3 --servername grey_havens --port 32203 --info "Gates to the Blessed Realm" --log-file grey_havens.log --connect_to_host theshire --connect_to_port 32201
[grey_havens] 	Launching server grey_havens...
*CMD.........	Waiting... 0.25
[grey_havens] 	[SERVER] Configuring the server socket...
[grey_havens] 	[SERVER] Connecting to remote server theshire:32201...
[SERVER] Current socket: <socket.socket fd=17, family=2, type=1, proto=0, laddr=('0.0.0.0', 32201)>
* [SERVER] * 'theshire' accepting new connection from '('127.0.0.1', 51031)...
[grey_havens] 	Listening for new connections on port 32203
[theshire] 	Received msg from Host ID #3 "b'\x00\x00\x00\x00\x03\x00\x00\x00\x00\x0b\x00\x1cgrey_havens"Gates to the Blessed Realm"'"
[theshire] 	Sending message to Host ID #2 "b'\x00\x00\x00\x00\x03\x00\x00\x00\x01\x0b\x00\x1cgrey_havens"Gates to the Blessed Realm"'"
[grey_havens] 	Received msg from Host ID #1 "b'\x00\x00\x00\x00\x01\x00\x00\x00\x01\x08\x00\x15theshire"Home of the Hobbits"'"
[rivendale] 	Received msg from Host ID #3 "b'\x00\x00\x00\x00\x03\x00\x00\x00\x01\x0b\x00\x1cgrey_havens"Gates to the Blessed Realm"'"
[SERVER] grey_havens ADJACENT IDS: [1] 
[grey_havens] 	Received msg from Host ID #2 "b'\x00\x00\x00\x00\x02\x00\x00\x00\x01\t\x00\x0frivendale"Elronds House"'"
[SERVER] rivendale ADJACENT IDS: [1] 
[SERVER] grey_havens ADJACENT IDS: [1] 
*CMD.........	Starting --id 4 --servername lothlorien --port 32204 --info "The Golden Wood" --log-file lothlorien.log --connect_to_host rivendale --connect_to_port 32202
[lothlorien] 	Launching server lothlorien...
*CMD.........	Waiting... 0.25
[lothlorien] 	[SERVER] Configuring the server socket...
[lothlorien] 	[SERVER] Connecting to remote server rivendale:32202...
[lothlorien] 	Listening for new connections on port 32204
[SERVER] Current socket: <socket.socket fd=23, family=2, type=1, proto=0, laddr=('0.0.0.0', 32202)>
* [SERVER] * 'rivendale' accepting new connection from '('127.0.0.1', 51032)...
[rivendale] 	Received msg from Host ID #4 "b'\x00\x00\x00\x00\x04\x00\x00\x00\x00\n\x00\x11lothlorien"The Golden Wood"'"
[rivendale] 	Sending message to Host ID #1 "b'\x00\x00\x00\x00\x04\x00\x00\x00\x02\n\x00\x11lothlorien"The Golden Wood"'"
[theshire] 	Received msg from Host ID #4 "b'\x00\x00\x00\x00\x04\x00\x00\x00\x02\n\x00\x11lothlorien"The Golden Wood"'"
[lothlorien] 	Received msg from Host ID #2 "b'\x00\x00\x00\x00\x02\x00\x00\x00\x02\t\x00\x0frivendale"Elronds House"'"
[SERVER] theshire ADJACENT IDS: [2, 3] 
[theshire] 	Sending message to Host ID #3 "b'\x00\x00\x00\x00\x04\x00\x00\x00\x01\n\x00\x11lothlorien"The Golden Wood"'"
[SERVER] lothlorien ADJACENT IDS: [2] 
[lothlorien] 	Received msg from Host ID #1 "b'\x00\x00\x00\x00\x01\x00\x00\x00\x02\x08\x00\x15theshire"Home of the Hobbits"'"
[grey_havens] 	Received msg from Host ID #4 "b'\x00\x00\x00\x00\x04\x00\x00\x00\x01\n\x00\x11lothlorien"The Golden Wood"'"
[SERVER] lothlorien ADJACENT IDS: [2] 
[lothlorien] 	Received msg from Host ID #3 "b'\x00\x00\x00\x00\x03\x00\x00\x00\x02\x0b\x00\x1cgrey_havens"Gates to the Blessed Realm"'"
[SERVER] grey_havens ADJACENT IDS: [1] 
[SERVER] lothlorien ADJACENT IDS: [2] 
*CMD.........	Starting --id 5 --servername moria --port 32205 --info "The Black Pit" --log-file moria.log --connect_to_host rivendale --connect_to_port 32202
[moria] 	Launching server moria...
*CMD.........	Waiting... 0.25
[moria] 	[SERVER] Configuring the server socket...
[moria] 	[SERVER] Connecting to remote server rivendale:32202...
[SERVER] Current socket: <socket.socket fd=23, family=2, type=1, proto=0, laddr=('0.0.0.0', 32202)>
* [SERVER] * 'rivendale' accepting new connection from '('127.0.0.1', 51033)...
[moria] 	Listening for new connections on port 32205
[rivendale] 	Received msg from Host ID #5 "b'\x00\x00\x00\x00\x05\x00\x00\x00\x00\x05\x00\x0fmoria"The Black Pit"'"
[rivendale] 	Sending message to Host ID #1 "b'\x00\x00\x00\x00\x05\x00\x00\x00\x02\x05\x00\x0fmoria"The Black Pit"'"
[rivendale] 	Sending message to Host ID #4 "b'\x00\x00\x00\x00\x05\x00\x00\x00\x02\x05\x00\x0fmoria"The Black Pit"'"
[theshire] 	Received msg from Host ID #5 "b'\x00\x00\x00\x00\x05\x00\x00\x00\x02\x05\x00\x0fmoria"The Black Pit"'"
[moria] 	Received msg from Host ID #2 "b'\x00\x00\x00\x00\x02\x00\x00\x00\x02\t\x00\x0frivendale"Elronds House"'"
[lothlorien] 	Received msg from Host ID #5 "b'\x00\x00\x00\x00\x05\x00\x00\x00\x02\x05\x00\x0fmoria"The Black Pit"'"
[SERVER] theshire ADJACENT IDS: [2, 3] 
[theshire] 	Sending message to Host ID #3 "b'\x00\x00\x00\x00\x05\x00\x00\x00\x01\x05\x00\x0fmoria"The Black Pit"'"
[SERVER] moria ADJACENT IDS: [2] 
[moria] 	Received msg from Host ID #1 "b'\x00\x00\x00\x00\x01\x00\x00\x00\x02\x08\x00\x15theshire"Home of the Hobbits"'"
[SERVER] lothlorien ADJACENT IDS: [2] 
[grey_havens] 	Received msg from Host ID #5 "b'\x00\x00\x00\x00\x05\x00\x00\x00\x01\x05\x00\x0fmoria"The Black Pit"'"
[SERVER] moria ADJACENT IDS: [2] 
[moria] 	Received msg from Host ID #3 "b'\x00\x00\x00\x00\x03\x00\x00\x00\x02\x0b\x00\x1cgrey_havens"Gates to the Blessed Realm"'"
[SERVER] grey_havens ADJACENT IDS: [1] 
[SERVER] moria ADJACENT IDS: [2] 
[moria] 	Received msg from Host ID #4 "b'\x00\x00\x00\x00\x04\x00\x00\x00\x02\n\x00\x11lothlorien"The Golden Wood"'"
[SERVER] moria ADJACENT IDS: [2] 
*CMD.........	Starting --id 6 --servername edoras --port 32206 --info "Home of the Golden Hall of Meduseld" --log-file edoras.log --connect_to_host lothlorien --connect_to_port 32204
[edoras] 	Launching server edoras...
*CMD.........	Waiting... 0.25
[edoras] 	[SERVER] Configuring the server socket...
[edoras] 	[SERVER] Connecting to remote server lothlorien:32204...
[edoras] 	Listening for new connections on port 32206
[SERVER] Current socket: <socket.socket fd=38, family=2, type=1, proto=0, laddr=('0.0.0.0', 32204)>
* [SERVER] * 'lothlorien' accepting new connection from '('127.0.0.1', 51034)...
[lothlorien] 	Received msg from Host ID #6 "b'\x00\x00\x00\x00\x06\x00\x00\x00\x00\x06\x00%edoras"Home of the Golden Hall of Meduseld"'"
[lothlorien] 	Sending message to Host ID #2 "b'\x00\x00\x00\x00\x06\x00\x00\x00\x04\x06\x00%edoras"Home of the Golden Hall of Meduseld"'"
[rivendale] 	Received msg from Host ID #6 "b'\x00\x00\x00\x00\x06\x00\x00\x00\x04\x06\x00%edoras"Home of the Golden Hall of Meduseld"'"
[edoras] 	Received msg from Host ID #4 "b'\x00\x00\x00\x00\x04\x00\x00\x00\x04\n\x00\x11lothlorien"The Golden Wood"'"
[SERVER] rivendale ADJACENT IDS: [1, 4, 5] 
[rivendale] 	Sending message to Host ID #1 "b'\x00\x00\x00\x00\x06\x00\x00\x00\x02\x06\x00%edoras"Home of the Golden Hall of Meduseld"'"
[SERVER] edoras ADJACENT IDS: [4] 
[edoras] 	Received msg from Host ID #2 "b'\x00\x00\x00\x00\x02\x00\x00\x00\x04\t\x00\x0frivendale"Elronds House"'"
[rivendale] 	Sending message to Host ID #5 "b'\x00\x00\x00\x00\x06\x00\x00\x00\x02\x06\x00%edoras"Home of the Golden Hall of Meduseld"'"
[SERVER] edoras ADJACENT IDS: [4] 
[edoras] 	Received msg from Host ID #1 "b'\x00\x00\x00\x00\x01\x00\x00\x00\x04\x08\x00\x15theshire"Home of the Hobbits"'"
[SERVER] edoras ADJACENT IDS: [4] 
[edoras] 	Received msg from Host ID #3 "b'\x00\x00\x00\x00\x03\x00\x00\x00\x04\x0b\x00\x1cgrey_havens"Gates to the Blessed Realm"'"
[theshire] 	Received msg from Host ID #6 "b'\x00\x00\x00\x00\x06\x00\x00\x00\x02\x06\x00%edoras"Home of the Golden Hall of Meduseld"'"
[moria] 	Received msg from Host ID #6 "b'\x00\x00\x00\x00\x06\x00\x00\x00\x02\x06\x00%edoras"Home of the Golden Hall of Meduseld"'"
[SERVER] edoras ADJACENT IDS: [4] 
[edoras] 	Received msg from Host ID #5 "b'\x00\x00\x00\x00\x05\x00\x00\x00\x04\x05\x00\x0fmoria"The Black Pit"'"
[SERVER] theshire ADJACENT IDS: [2, 3] 
[theshire] 	Sending message to Host ID #3 "b'\x00\x00\x00\x00\x06\x00\x00\x00\x01\x06\x00%edoras"Home of the Golden Hall of Meduseld"'"
[SERVER] edoras ADJACENT IDS: [4] 
[SERVER] moria ADJACENT IDS: [2] 
[grey_havens] 	Received msg from Host ID #6 "b'\x00\x00\x00\x00\x06\x00\x00\x00\x01\x06\x00%edoras"Home of the Golden Hall of Meduseld"'"
[SERVER] grey_havens ADJACENT IDS: [1] 
*CMD.........	Starting --id 7 --servername minastirith --port 32207 --info "Tower of Guard" --log-file minastirith.log --connect_to_host lothlorien --connect_to_port 32204
[minastirith] 	Launching server minastirith...
*CMD.........	Waiting... 0.25
[minastirith] 	[SERVER] Configuring the server socket...
[minastirith] 	[SERVER] Connecting to remote server lothlorien:32204...
[SERVER] Current socket: <socket.socket fd=38, family=2, type=1, proto=0, laddr=('0.0.0.0', 32204)>
[minastirith] 	Listening for new connections on port 32207
* [SERVER] * 'lothlorien' accepting new connection from '('127.0.0.1', 51035)...
[lothlorien] 	Received msg from Host ID #7 "b'\x00\x00\x00\x00\x07\x00\x00\x00\x00\x0b\x00\x10minastirith"Tower of Guard"'"
[lothlorien] 	Sending message to Host ID #2 "b'\x00\x00\x00\x00\x07\x00\x00\x00\x04\x0b\x00\x10minastirith"Tower of Guard"'"
[lothlorien] 	Sending message to Host ID #6 "b'\x00\x00\x00\x00\x07\x00\x00\x00\x04\x0b\x00\x10minastirith"Tower of Guard"'"
[rivendale] 	Received msg from Host ID #7 "b'\x00\x00\x00\x00\x07\x00\x00\x00\x04\x0b\x00\x10minastirith"Tower of Guard"'"
[minastirith] 	Received msg from Host ID #4 "b'\x00\x00\x00\x00\x04\x00\x00\x00\x04\n\x00\x11lothlorien"The Golden Wood"'"
[SERVER] rivendale ADJACENT IDS: [1, 4, 5] 
[rivendale] 	Sending message to Host ID #1 "b'\x00\x00\x00\x00\x07\x00\x00\x00\x02\x0b\x00\x10minastirith"Tower of Guard"'"
[edoras] 	Received msg from Host ID #7 "b'\x00\x00\x00\x00\x07\x00\x00\x00\x04\x0b\x00\x10minastirith"Tower of Guard"'"
[SERVER] minastirith ADJACENT IDS: [4] 
[minastirith] 	Received msg from Host ID #2 "b'\x00\x00\x00\x00\x02\x00\x00\x00\x04\t\x00\x0frivendale"Elronds House"'"
[rivendale] 	Sending message to Host ID #5 "b'\x00\x00\x00\x00\x07\x00\x00\x00\x02\x0b\x00\x10minastirith"Tower of Guard"'"
[SERVER] edoras ADJACENT IDS: [4] 
[SERVER] minastirith ADJACENT IDS: [4] 
[minastirith] 	Received msg from Host ID #1 "b'\x00\x00\x00\x00\x01\x00\x00\x00\x04\x08\x00\x15theshire"Home of the Hobbits"'"
[theshire] 	Received msg from Host ID #7 "b'\x00\x00\x00\x00\x07\x00\x00\x00\x02\x0b\x00\x10minastirith"Tower of Guard"'"
[moria] 	Received msg from Host ID #7 "b'\x00\x00\x00\x00\x07\x00\x00\x00\x02\x0b\x00\x10minastirith"Tower of Guard"'"
[SERVER] minastirith ADJACENT IDS: [4] 
[minastirith] 	Received msg from Host ID #3 "b'\x00\x00\x00\x00\x03\x00\x00\x00\x04\x0b\x00\x1cgrey_havens"Gates to the Blessed Realm"'"
[SERVER] moria ADJACENT IDS: [2] 
[SERVER] theshire ADJACENT IDS: [2, 3] 
[theshire] 	Sending message to Host ID #3 "b'\x00\x00\x00\x00\x07\x00\x00\x00\x01\x0b\x00\x10minastirith"Tower of Guard"'"
[SERVER] minastirith ADJACENT IDS: [4] 
[minastirith] 	Received msg from Host ID #5 "b'\x00\x00\x00\x00\x05\x00\x00\x00\x04\x05\x00\x0fmoria"The Black Pit"'"
[SERVER] minastirith ADJACENT IDS: [4] 
[minastirith] 	Received msg from Host ID #6 "b'\x00\x00\x00\x00\x06\x00\x00\x00\x04\x06\x00%edoras"Home of the Golden Hall of Meduseld"'"
[grey_havens] 	Received msg from Host ID #7 "b'\x00\x00\x00\x00\x07\x00\x00\x00\x01\x0b\x00\x10minastirith"Tower of Guard"'"
[SERVER] minastirith ADJACENT IDS: [4] 
[SERVER] grey_havens ADJACENT IDS: [1] 
*CMD.........	Starting --id 8 --servername mirkwood --port 32208 --info "Wood of Greenleaves" --log-file mirkwood.log --connect_to_host rivendale --connect_to_port 32202
[mirkwood] 	Launching server mirkwood...
*CMD.........	Waiting... 0.25
[mirkwood] 	[SERVER] Configuring the server socket...
[mirkwood] 	[SERVER] Connecting to remote server rivendale:32202...
[SERVER] Current socket: <socket.socket fd=23, family=2, type=1, proto=0, laddr=('0.0.0.0', 32202)>
[mirkwood] 	Listening for new connections on port 32208
* [SERVER] * 'rivendale' accepting new connection from '('127.0.0.1', 51036)...
[rivendale] 	Received msg from Host ID #8 "b'\x00\x00\x00\x00\x08\x00\x00\x00\x00\x08\x00\x15mirkwood"Wood of Greenleaves"'"
[rivendale] 	Sending message to Host ID #1 "b'\x00\x00\x00\x00\x08\x00\x00\x00\x02\x08\x00\x15mirkwood"Wood of Greenleaves"'"
[rivendale] 	Sending message to Host ID #4 "b'\x00\x00\x00\x00\x08\x00\x00\x00\x02\x08\x00\x15mirkwood"Wood of Greenleaves"'"
[rivendale] 	Sending message to Host ID #5 "b'\x00\x00\x00\x00\x08\x00\x00\x00\x02\x08\x00\x15mirkwood"Wood of Greenleaves"'"
[theshire] 	Received msg from Host ID #8 "b'\x00\x00\x00\x00\x08\x00\x00\x00\x02\x08\x00\x15mirkwood"Wood of Greenleaves"'"
[moria] 	Received msg from Host ID #8 "b'\x00\x00\x00\x00\x08\x00\x00\x00\x02\x08\x00\x15mirkwood"Wood of Greenleaves"'"
[mirkwood] 	Received msg from Host ID #2 "b'\x00\x00\x00\x00\x02\x00\x00\x00\x02\t\x00\x0frivendale"Elronds House"'"
[lothlorien] 	Received msg from Host ID #8 "b'\x00\x00\x00\x00\x08\x00\x00\x00\x02\x08\x00\x15mirkwood"Wood of Greenleaves"'"
[SERVER] theshire ADJACENT IDS: [2, 3] 
[theshire] 	Sending message to Host ID #3 "b'\x00\x00\x00\x00\x08\x00\x00\x00\x01\x08\x00\x15mirkwood"Wood of Greenleaves"'"
[SERVER] moria ADJACENT IDS: [2] 
[SERVER] lothlorien ADJACENT IDS: [2, 6, 7] 
[lothlorien] 	Sending message to Host ID #6 "b'\x00\x00\x00\x00\x08\x00\x00\x00\x04\x08\x00\x15mirkwood"Wood of Greenleaves"'"
[lothlorien] 	Sending message to Host ID #7 "b'\x00\x00\x00\x00\x08\x00\x00\x00\x04\x08\x00\x15mirkwood"Wood of Greenleaves"'"
[grey_havens] 	Received msg from Host ID #8 "b'\x00\x00\x00\x00\x08\x00\x00\x00\x01\x08\x00\x15mirkwood"Wood of Greenleaves"'"
[SERVER] mirkwood ADJACENT IDS: [2] 
[mirkwood] 	Received msg from Host ID #1 "b'\x00\x00\x00\x00\x01\x00\x00\x00\x02\x08\x00\x15theshire"Home of the Hobbits"'"
[edoras] 	Received msg from Host ID #8 "b'\x00\x00\x00\x00\x08\x00\x00\x00\x04\x08\x00\x15mirkwood"Wood of Greenleaves"'"
[minastirith] 	Received msg from Host ID #8 "b'\x00\x00\x00\x00\x08\x00\x00\x00\x04\x08\x00\x15mirkwood"Wood of Greenleaves"'"
[SERVER] grey_havens ADJACENT IDS: [1] 
[SERVER] mirkwood ADJACENT IDS: [2] 
[mirkwood] 	Received msg from Host ID #3 "b'\x00\x00\x00\x00\x03\x00\x00\x00\x02\x0b\x00\x1cgrey_havens"Gates to the Blessed Realm"'"
[SERVER] edoras ADJACENT IDS: [4] 
[SERVER] minastirith ADJACENT IDS: [4] 
[SERVER] mirkwood ADJACENT IDS: [2] 
[mirkwood] 	Received msg from Host ID #4 "b'\x00\x00\x00\x00\x04\x00\x00\x00\x02\n\x00\x11lothlorien"The Golden Wood"'"
[SERVER] mirkwood ADJACENT IDS: [2] 
[mirkwood] 	Received msg from Host ID #5 "b'\x00\x00\x00\x00\x05\x00\x00\x00\x02\x05\x00\x0fmoria"The Black Pit"'"
[SERVER] mirkwood ADJACENT IDS: [2] 
[mirkwood] 	Received msg from Host ID #6 "b'\x00\x00\x00\x00\x06\x00\x00\x00\x02\x06\x00%edoras"Home of the Golden Hall of Meduseld"'"
[SERVER] mirkwood ADJACENT IDS: [2] 
[mirkwood] 	Received msg from Host ID #7 "b'\x00\x00\x00\x00\x07\x00\x00\x00\x02\x0b\x00\x10minastirith"Tower of Guard"'"
*CMD.........	Starting --id 9 --servername isengard --port 32209 --info "Angrenost, The Iron Fortres" --log-file isengard.log --connect_to_host edoras --connect_to_port 32206
[SERVER] mirkwood ADJACENT IDS: [2] 
[isengard] 	Launching server isengard...
*CMD.........	Waiting... 0.25
[isengard] 	[SERVER] Configuring the server socket...
[isengard] 	[SERVER] Connecting to remote server edoras:32206...
[SERVER] Current socket: <socket.socket fd=50, family=2, type=1, proto=0, laddr=('0.0.0.0', 32206)>
* [SERVER] * 'edoras' accepting new connection from '('127.0.0.1', 51037)...
[isengard] 	Listening for new connections on port 32209
[edoras] 	Received msg from Host ID #9 "b'\x00\x00\x00\x00\t\x00\x00\x00\x00\x08\x00\x1disengard"Angrenost, The Iron Fortres"'"
[edoras] 	Sending message to Host ID #4 "b'\x00\x00\x00\x00\t\x00\x00\x00\x06\x08\x00\x1disengard"Angrenost, The Iron Fortres"'"
[lothlorien] 	Received msg from Host ID #9 "b'\x00\x00\x00\x00\t\x00\x00\x00\x06\x08\x00\x1disengard"Angrenost, The Iron Fortres"'"
[isengard] 	Received msg from Host ID #6 "b'\x00\x00\x00\x00\x06\x00\x00\x00\x06\x06\x00%edoras"Home of the Golden Hall of Meduseld"'"
[SERVER] lothlorien ADJACENT IDS: [2, 6, 7] 
[lothlorien] 	Sending message to Host ID #2 "b'\x00\x00\x00\x00\t\x00\x00\x00\x04\x08\x00\x1disengard"Angrenost, The Iron Fortres"'"
[SERVER] isengard ADJACENT IDS: [6] 
[isengard] 	Received msg from Host ID #4 "b'\x00\x00\x00\x00\x04\x00\x00\x00\x06\n\x00\x11lothlorien"The Golden Wood"'"
[lothlorien] 	Sending message to Host ID #7 "b'\x00\x00\x00\x00\t\x00\x00\x00\x04\x08\x00\x1disengard"Angrenost, The Iron Fortres"'"
[SERVER] isengard ADJACENT IDS: [6] 
[isengard] 	Received msg from Host ID #2 "b'\x00\x00\x00\x00\x02\x00\x00\x00\x06\t\x00\x0frivendale"Elronds House"'"
[rivendale] 	Received msg from Host ID #9 "b'\x00\x00\x00\x00\t\x00\x00\x00\x04\x08\x00\x1disengard"Angrenost, The Iron Fortres"'"
[minastirith] 	Received msg from Host ID #9 "b'\x00\x00\x00\x00\t\x00\x00\x00\x04\x08\x00\x1disengard"Angrenost, The Iron Fortres"'"
[SERVER] isengard ADJACENT IDS: [6] 
[isengard] 	Received msg from Host ID #1 "b'\x00\x00\x00\x00\x01\x00\x00\x00\x06\x08\x00\x15theshire"Home of the Hobbits"'"
[SERVER] rivendale ADJACENT IDS: [1, 4, 5, 8] 
[rivendale] 	Sending message to Host ID #1 "b'\x00\x00\x00\x00\t\x00\x00\x00\x02\x08\x00\x1disengard"Angrenost, The Iron Fortres"'"
[SERVER] minastirith ADJACENT IDS: [4] 
[SERVER] isengard ADJACENT IDS: [6] 
[isengard] 	Received msg from Host ID #3 "b'\x00\x00\x00\x00\x03\x00\x00\x00\x06\x0b\x00\x1cgrey_havens"Gates to the Blessed Realm"'"
[rivendale] 	Sending message to Host ID #5 "b'\x00\x00\x00\x00\t\x00\x00\x00\x02\x08\x00\x1disengard"Angrenost, The Iron Fortres"'"
[SERVER] isengard ADJACENT IDS: [6] 
[isengard] 	Received msg from Host ID #5 "b'\x00\x00\x00\x00\x05\x00\x00\x00\x06\x05\x00\x0fmoria"The Black Pit"'"
[rivendale] 	Sending message to Host ID #8 "b'\x00\x00\x00\x00\t\x00\x00\x00\x02\x08\x00\x1disengard"Angrenost, The Iron Fortres"'"
[SERVER] isengard ADJACENT IDS: [6] 
[isengard] 	Received msg from Host ID #7 "b'\x00\x00\x00\x00\x07\x00\x00\x00\x06\x0b\x00\x10minastirith"Tower of Guard"'"
[SERVER] isengard ADJACENT IDS: [6] 
[isengard] 	Received msg from Host ID #8 "b'\x00\x00\x00\x00\x08\x00\x00\x00\x06\x08\x00\x15mirkwood"Wood of Greenleaves"'"
[mirkwood] 	Received msg from Host ID #9 "b'\x00\x00\x00\x00\t\x00\x00\x00\x02\x08\x00\x1disengard"Angrenost, The Iron Fortres"'"
[theshire] 	Received msg from Host ID #9 "b'\x00\x00\x00\x00\t\x00\x00\x00\x02\x08\x00\x1disengard"Angrenost, The Iron Fortres"'"[moria] 	Received msg from Host ID #9 "b'\x00\x00\x00\x00\t\x00\x00\x00\x02\x08\x00\x1disengard"Angrenost, The Iron Fortres"'"
[SERVER] isengard ADJACENT IDS: [6] 

[SERVER] mirkwood ADJACENT IDS: [2] 
[SERVER] moria ADJACENT IDS: [2] 
[SERVER] theshire ADJACENT IDS: [2, 3] 
[theshire] 	Sending message to Host ID #3 "b'\x00\x00\x00\x00\t\x00\x00\x00\x01\x08\x00\x1disengard"Angrenost, The Iron Fortres"'"
[grey_havens] 	Received msg from Host ID #9 "b'\x00\x00\x00\x00\t\x00\x00\x00\x01\x08\x00\x1disengard"Angrenost, The Iron Fortres"'"
[SERVER] grey_havens ADJACENT IDS: [1] 
*CMD.........	Starting --id 10 --servername osgiliath --port 32210 --info "Citadel of the Stars" --log-file osgiliath.log --connect_to_host minastirith --connect_to_port 32207
[osgiliath] 	Launching server osgiliath...
*CMD.........	Waiting... 0.25
[osgiliath] 	[SERVER] Configuring the server socket...
[osgiliath] 	[SERVER] Connecting to remote server minastirith:32207...
[SERVER] Current socket: <socket.socket fd=55, family=2, type=1, proto=0, laddr=('0.0.0.0', 32207)>
* [SERVER] * 'minastirith' accepting new connection from '('127.0.0.1', 51038)...
[osgiliath] 	Listening for new connections on port 32210
[minastirith] 	Received msg from Host ID #10 "b'\x00\x00\x00\x00\n\x00\x00\x00\x00\t\x00\x16osgiliath"Citadel of the Stars"'"
[minastirith] 	Sending message to Host ID #4 "b'\x00\x00\x00\x00\n\x00\x00\x00\x07\t\x00\x16osgiliath"Citadel of the Stars"'"
[lothlorien] 	Received msg from Host ID #10 "b'\x00\x00\x00\x00\n\x00\x00\x00\x07\t\x00\x16osgiliath"Citadel of the Stars"'"
[osgiliath] 	Received msg from Host ID #7 "b'\x00\x00\x00\x00\x07\x00\x00\x00\x07\x0b\x00\x10minastirith"Tower of Guard"'"
[SERVER] lothlorien ADJACENT IDS: [2, 6, 7] 
[lothlorien] 	Sending message to Host ID #2 "b'\x00\x00\x00\x00\n\x00\x00\x00\x04\t\x00\x16osgiliath"Citadel of the Stars"'"
[SERVER] osgiliath ADJACENT IDS: [7] 
[osgiliath] 	Received msg from Host ID #4 "b'\x00\x00\x00\x00\x04\x00\x00\x00\x07\n\x00\x11lothlorien"The Golden Wood"'"
[lothlorien] 	Sending message to Host ID #6 "b'\x00\x00\x00\x00\n\x00\x00\x00\x04\t\x00\x16osgiliath"Citadel of the Stars"'"
[SERVER] osgiliath ADJACENT IDS: [7] 
[osgiliath] 	Received msg from Host ID #2 "b'\x00\x00\x00\x00\x02\x00\x00\x00\x07\t\x00\x0frivendale"Elronds House"'"
[rivendale] 	Received msg from Host ID #10 "b'\x00\x00\x00\x00\n\x00\x00\x00\x04\t\x00\x16osgiliath"Citadel of the Stars"'"
[edoras] 	Received msg from Host ID #10 "b'\x00\x00\x00\x00\n\x00\x00\x00\x04\t\x00\x16osgiliath"Citadel of the Stars"'"
[SERVER] osgiliath ADJACENT IDS: [7] 
[osgiliath] 	Received msg from Host ID #1 "b'\x00\x00\x00\x00\x01\x00\x00\x00\x07\x08\x00\x15theshire"Home of the Hobbits"'"
[SERVER] edoras ADJACENT IDS: [4, 9] 
[edoras] 	Sending message to Host ID #9 "b'\x00\x00\x00\x00\n\x00\x00\x00\x06\t\x00\x16osgiliath"Citadel of the Stars"'"
[SERVER] rivendale ADJACENT IDS: [1, 4, 5, 8] 
[rivendale] 	Sending message to Host ID #1 "b'\x00\x00\x00\x00\n\x00\x00\x00\x02\t\x00\x16osgiliath"Citadel of the Stars"'"
[SERVER] osgiliath ADJACENT IDS: [7] 
[osgiliath] 	Received msg from Host ID #3 "b'\x00\x00\x00\x00\x03\x00\x00\x00\x07\x0b\x00\x1cgrey_havens"Gates to the Blessed Realm"'"
[rivendale] 	Sending message to Host ID #5 "b'\x00\x00\x00\x00\n\x00\x00\x00\x02\t\x00\x16osgiliath"Citadel of the Stars"'"
[isengard] 	Received msg from Host ID #10 "b'\x00\x00\x00\x00\n\x00\x00\x00\x06\t\x00\x16osgiliath"Citadel of the Stars"'"
[SERVER] osgiliath ADJACENT IDS: [7] 
[osgiliath] 	Received msg from Host ID #5 "b'\x00\x00\x00\x00\x05\x00\x00\x00\x07\x05\x00\x0fmoria"The Black Pit"'"
[rivendale] 	Sending message to Host ID #8 "b'\x00\x00\x00\x00\n\x00\x00\x00\x02\t\x00\x16osgiliath"Citadel of the Stars"'"
[SERVER] isengard ADJACENT IDS: [6] 
[SERVER] osgiliath ADJACENT IDS: [7] 
[osgiliath] 	Received msg from Host ID #6 "b'\x00\x00\x00\x00\x06\x00\x00\x00\x07\x06\x00%edoras"Home of the Golden Hall of Meduseld"'"
[moria] 	Received msg from Host ID #10 "b'\x00\x00\x00\x00\n\x00\x00\x00\x02\t\x00\x16osgiliath"Citadel of the Stars"'"
[mirkwood] 	Received msg from Host ID #10 "b'\x00\x00\x00\x00\n\x00\x00\x00\x02\t\x00\x16osgiliath"Citadel of the Stars"'"
[theshire] 	Received msg from Host ID #10 "b'\x00\x00\x00\x00\n\x00\x00\x00\x02\t\x00\x16osgiliath"Citadel of the Stars"'"
[SERVER] osgiliath ADJACENT IDS: [7] 
[osgiliath] 	Received msg from Host ID #8 "b'\x00\x00\x00\x00\x08\x00\x00\x00\x07\x08\x00\x15mirkwood"Wood of Greenleaves"'"
[SERVER] mirkwood ADJACENT IDS: [2] 
[SERVER] moria ADJACENT IDS: [2] 
[SERVER] theshire ADJACENT IDS: [2, 3] 
[theshire] 	Sending message to Host ID #3 "b'\x00\x00\x00\x00\n\x00\x00\x00\x01\t\x00\x16osgiliath"Citadel of the Stars"'"
[SERVER] osgiliath ADJACENT IDS: [7] 
[osgiliath] 	Received msg from Host ID #9 "b'\x00\x00\x00\x00\t\x00\x00\x00\x07\x08\x00\x1disengard"Angrenost, The Iron Fortres"'"
[grey_havens] 	Received msg from Host ID #10 "b'\x00\x00\x00\x00\n\x00\x00\x00\x01\t\x00\x16osgiliath"Citadel of the Stars"'"
[SERVER] osgiliath ADJACENT IDS: [7] 
[SERVER] grey_havens ADJACENT IDS: [1] 
*CMD.........	Starting --id 11 --servername barad-dur --port 32211 --info "The Dark Tower" --log-file barad-dur.log --connect_to_host minastirith --connect_to_port 32207
[barad-dur] 	Launching server barad-dur...
*CMD.........	Waiting... 1.5
[barad-dur] 	[SERVER] Configuring the server socket...
[barad-dur] 	[SERVER] Connecting to remote server minastirith:32207...
[barad-dur] 	Listening for new connections on port 32211
[SERVER] Current socket: <socket.socket fd=55, family=2, type=1, proto=0, laddr=('0.0.0.0', 32207)>
* [SERVER] * 'minastirith' accepting new connection from '('127.0.0.1', 51039)...
[minastirith] 	Received msg from Host ID #11 "b'\x00\x00\x00\x00\x0b\x00\x00\x00\x00\t\x00\x10barad-dur"The Dark Tower"'"
[minastirith] 	Sending message to Host ID #4 "b'\x00\x00\x00\x00\x0b\x00\x00\x00\x07\t\x00\x10barad-dur"The Dark Tower"'"
[minastirith] 	Sending message to Host ID #10 "b'\x00\x00\x00\x00\x0b\x00\x00\x00\x07\t\x00\x10barad-dur"The Dark Tower"'"
[lothlorien] 	Received msg from Host ID #11 "b'\x00\x00\x00\x00\x0b\x00\x00\x00\x07\t\x00\x10barad-dur"The Dark Tower"'"
[osgiliath] 	Received msg from Host ID #11 "b'\x00\x00\x00\x00\x0b\x00\x00\x00\x07\t\x00\x10barad-dur"The Dark Tower"'"
[barad-dur] 	Received msg from Host ID #7 "b'\x00\x00\x00\x00\x07\x00\x00\x00\x07\x0b\x00\x10minastirith"Tower of Guard"'"
[SERVER] lothlorien ADJACENT IDS: [2, 6, 7] 
[lothlorien] 	Sending message to Host ID #2 "b'\x00\x00\x00\x00\x0b\x00\x00\x00\x04\t\x00\x10barad-dur"The Dark Tower"'"
[SERVER] osgiliath ADJACENT IDS: [7] 
[SERVER] barad-dur ADJACENT IDS: [7] 
[barad-dur] 	Received msg from Host ID #4 "b'\x00\x00\x00\x00\x04\x00\x00\x00\x07\n\x00\x11lothlorien"The Golden Wood"'"
[lothlorien] 	Sending message to Host ID #6 "b'\x00\x00\x00\x00\x0b\x00\x00\x00\x04\t\x00\x10barad-dur"The Dark Tower"'"
[SERVER] barad-dur ADJACENT IDS: [7] 
[barad-dur] 	Received msg from Host ID #2 "b'\x00\x00\x00\x00\x02\x00\x00\x00\x07\t\x00\x0frivendale"Elronds House"'"
[SERVER] barad-dur ADJACENT IDS: [7] 
[barad-dur] 	Received msg from Host ID #1 "b'\x00\x00\x00\x00\x01\x00\x00\x00\x07\x08\x00\x15theshire"Home of the Hobbits"'"
[edoras] 	Received msg from Host ID #11 "b'\x00\x00\x00\x00\x0b\x00\x00\x00\x04\t\x00\x10barad-dur"The Dark Tower"'"
[rivendale] 	Received msg from Host ID #11 "b'\x00\x00\x00\x00\x0b\x00\x00\x00\x04\t\x00\x10barad-dur"The Dark Tower"'"
[SERVER] barad-dur ADJACENT IDS: [7] 
[barad-dur] 	Received msg from Host ID #3 "b'\x00\x00\x00\x00\x03\x00\x00\x00\x07\x0b\x00\x1cgrey_havens"Gates to the Blessed Realm"'"
[SERVER] edoras ADJACENT IDS: [4, 9] 
[edoras] 	Sending message to Host ID #9 "b'\x00\x00\x00\x00\x0b\x00\x00\x00\x06\t\x00\x10barad-dur"The Dark Tower"'"
[SERVER] rivendale ADJACENT IDS: [1, 4, 5, 8] 
[rivendale] 	Sending message to Host ID #1 "b'\x00\x00\x00\x00\x0b\x00\x00\x00\x02\t\x00\x10barad-dur"The Dark Tower"'"
[SERVER] barad-dur ADJACENT IDS: [7] 
[barad-dur] 	Received msg from Host ID #5 "b'\x00\x00\x00\x00\x05\x00\x00\x00\x07\x05\x00\x0fmoria"The Black Pit"'"
[isengard] 	Received msg from Host ID #11 "b'\x00\x00\x00\x00\x0b\x00\x00\x00\x06\t\x00\x10barad-dur"The Dark Tower"'"
[rivendale] 	Sending message to Host ID #5 "b'\x00\x00\x00\x00\x0b\x00\x00\x00\x02\t\x00\x10barad-dur"The Dark Tower"'"
[SERVER] barad-dur ADJACENT IDS: [7] 
[barad-dur] 	Received msg from Host ID #6 "b'\x00\x00\x00\x00\x06\x00\x00\x00\x07\x06\x00%edoras"Home of the Golden Hall of Meduseld"'"
[SERVER] isengard ADJACENT IDS: [6] 
[rivendale] 	Sending message to Host ID #8 "b'\x00\x00\x00\x00\x0b\x00\x00\x00\x02\t\x00\x10barad-dur"The Dark Tower"'"
[SERVER] barad-dur ADJACENT IDS: [7] 
[barad-dur] 	Received msg from Host ID #8 "b'\x00\x00\x00\x00\x08\x00\x00\x00\x07\x08\x00\x15mirkwood"Wood of Greenleaves"'"
[theshire] 	Received msg from Host ID #11 "b'\x00\x00\x00\x00\x0b\x00\x00\x00\x02\t\x00\x10barad-dur"The Dark Tower"'"
[SERVER] barad-dur ADJACENT IDS: [7] 
[barad-dur] 	Received msg from Host ID #9 "b'\x00\x00\x00\x00\t\x00\x00\x00\x07\x08\x00\x1disengard"Angrenost, The Iron Fortres"'"
[moria] 	Received msg from Host ID #11 "b'\x00\x00\x00\x00\x0b\x00\x00\x00\x02\t\x00\x10barad-dur"The Dark Tower"'"
[SERVER] theshire ADJACENT IDS: [2, 3] 
[theshire] 	Sending message to Host ID #3 "b'\x00\x00\x00\x00\x0b\x00\x00\x00\x01\t\x00\x10barad-dur"The Dark Tower"'"
[mirkwood] 	Received msg from Host ID #11 "b'\x00\x00\x00\x00\x0b\x00\x00\x00\x02\t\x00\x10barad-dur"The Dark Tower"'"
[SERVER] barad-dur ADJACENT IDS: [7] 
[barad-dur] 	Received msg from Host ID #10 "b'\x00\x00\x00\x00\n\x00\x00\x00\x07\t\x00\x16osgiliath"Citadel of the Stars"'"
[SERVER] moria ADJACENT IDS: [2] 
[grey_havens] 	Received msg from Host ID #11 "b'\x00\x00\x00\x00\x0b\x00\x00\x00\x01\t\x00\x10barad-dur"The Dark Tower"'"
[SERVER] barad-dur ADJACENT IDS: [7] 
[SERVER] mirkwood ADJACENT IDS: [2] 
[SERVER] grey_havens ADJACENT IDS: [1] 
[theshire] 	Cleaning up the server
[rivendale] 	Cleaning up the server
[grey_havens] 	Cleaning up the server
[lothlorien] 	Cleaning up the server
[moria] 	Cleaning up the server
[edoras] 	Cleaning up the server
[minastirith] 	Cleaning up the server
[mirkwood] 	Cleaning up the server
[isengard] 	Cleaning up the server
[osgiliath] 	Cleaning up the server
[barad-dur] 	Cleaning up the server

Test passed:True
