
##############################################
Beginning test 6_3_ClientQuit_ElevenServers

*CMD.........	Starting --id 1 --servername theshire --port 36301 --info "Home of the Hobbits" --log-file theshire.log
[theshire] 	Launching server theshire...
*CMD.........	Waiting... 1.0
[theshire] 	[SERVER] Configuring the server socket...
[theshire] 	Listening for new connections on port 36301
*CMD.........	Starting --id 2 --servername rivendale --port 36302 --info "Elronds House" --log-file rivendale.log --connect_to_host theshire --connect_to_port 36301
[rivendale] 	Launching server rivendale...
*CMD.........	Waiting... 1.0
[rivendale] 	[SERVER] Configuring the server socket...
[rivendale] 	[SERVER] Connecting to remote server theshire:36301...
[rivendale] 	Listening for new connections on port 36302
[theshire] 	Received msg from Host ID #2 "b'\x00\x00\x00\x00\x02\x00\x00\x00\x00\t\x00\x0frivendale"Elronds House"'"
[rivendale] 	Received msg from Host ID #1 "b'\x00\x00\x00\x00\x01\x00\x00\x00\x01\x08\x00\x15theshire"Home of the Hobbits"'"
*CMD.........	Starting --id 101 --serverhost theshire --serverport 36301 --username frodobaggins --info "Test info" --log-file frodobaggins.log
[frodobaggins] 	Launching client frodobaggins...
*CMD.........	Waiting... 1.0
[frodobaggins] 	Sending message to b'\x80\x00\x00\x00e\x00\x00\x00\x00\x0c\x00\x0bfrodobaggins"Test info"'
[theshire] 	Received msg from Host ID #101 "b'\x80\x00\x00\x00e\x00\x00\x00\x00\x0c\x00\x0bfrodobaggins"Test info"'"
[theshire] 	Sending message to Host ID #2 "b'\x80\x00\x00\x00e\x00\x00\x00\x01\x0c\x00\x0bfrodobaggins"Test info"'"
[theshire] 	Sending message to Host ID #101 "b'\x01\x00\x00\x00\x01\x00\x00\x00e\x00\x00\x00\x00\x006Welcome to the Clemson Relay Chat network frodobaggins'"
[frodobaggins] 	Received message from Host ID #1 "b'\x01\x00\x00\x00\x01\x00\x00\x00e\x00\x00\x00\x00\x006Welcome to the Clemson Relay Chat network frodobaggins'"
[rivendale] 	Received msg from Host ID #101 "b'\x80\x00\x00\x00e\x00\x00\x00\x01\x0c\x00\x0bfrodobaggins"Test info"'"
*CMD.........	Starting --id 3 --servername grey_havens --port 36303 --info "Gates to the Blessed Realm" --log-file grey_havens.log --connect_to_host theshire --connect_to_port 36301
[grey_havens] 	Launching server grey_havens...
*CMD.........	Waiting... 1.0
[grey_havens] 	[SERVER] Configuring the server socket...
[grey_havens] 	[SERVER] Connecting to remote server theshire:36301...
[grey_havens] 	Listening for new connections on port 36303
[theshire] 	Received msg from Host ID #3 "b'\x00\x00\x00\x00\x03\x00\x00\x00\x00\x0b\x00\x1cgrey_havens"Gates to the Blessed Realm"'"
[theshire] 	Sending message to Host ID #2 "b'\x00\x00\x00\x00\x03\x00\x00\x00\x01\x0b\x00\x1cgrey_havens"Gates to the Blessed Realm"'"
[grey_havens] 	Received msg from Host ID #1 "b'\x00\x00\x00\x00\x01\x00\x00\x00\x01\x08\x00\x15theshire"Home of the Hobbits"'"
[rivendale] 	Received msg from Host ID #3 "b'\x00\x00\x00\x00\x03\x00\x00\x00\x01\x0b\x00\x1cgrey_havens"Gates to the Blessed Realm"'"
[grey_havens] 	Received msg from Host ID #2 "b'\x00\x00\x00\x00\x02\x00\x00\x00\x01\t\x00\x0frivendale"Elronds House"'"
[grey_havens] 	Received msg from Host ID #101 "b'\x80\x00\x00\x00e\x00\x00\x00\x01\x0c\x00\x0bfrodobaggins"Test info"'"
*CMD.........	Starting --id 102 --serverhost theshire --serverport 36301 --username samgamgee --info "Test info" --log-file samgamgee.log
[samgamgee] 	Launching client samgamgee...
*CMD.........	Waiting... 1.0
[samgamgee] 	Sending message to b'\x80\x00\x00\x00f\x00\x00\x00\x00\t\x00\x0bsamgamgee"Test info"'
[theshire] 	Received msg from Host ID #102 "b'\x80\x00\x00\x00f\x00\x00\x00\x00\t\x00\x0bsamgamgee"Test info"'"
[theshire] 	Sending message to Host ID #2 "b'\x80\x00\x00\x00f\x00\x00\x00\x01\t\x00\x0bsamgamgee"Test info"'"
[theshire] 	Sending message to Host ID #3 "b'\x80\x00\x00\x00f\x00\x00\x00\x01\t\x00\x0bsamgamgee"Test info"'"
[theshire] 	Sending message to Host ID #101 "b'\x80\x00\x00\x00f\x00\x00\x00\x01\t\x00\x0bsamgamgee"Test info"'"
[theshire] 	Sending message to Host ID #102 "b'\x01\x00\x00\x00\x01\x00\x00\x00f\x00\x00\x00\x00\x003Welcome to the Clemson Relay Chat network samgamgee'"
[rivendale] 	Received msg from Host ID #102 "b'\x80\x00\x00\x00f\x00\x00\x00\x01\t\x00\x0bsamgamgee"Test info"'"
[grey_havens] 	Received msg from Host ID #102 "b'\x80\x00\x00\x00f\x00\x00\x00\x01\t\x00\x0bsamgamgee"Test info"'"
[frodobaggins] 	Received message from Host ID #102 "b'\x80\x00\x00\x00f\x00\x00\x00\x01\t\x00\x0bsamgamgee"Test info"'"
[samgamgee] 	Received message from Host ID #101 "b'\x80\x00\x00\x00e\x00\x00\x00\x01\x0c\x00\x0bfrodobaggins"Test info"'"
[samgamgee] 	Received message from Host ID #1 "b'\x01\x00\x00\x00\x01\x00\x00\x00f\x00\x00\x00\x00\x003Welcome to the Clemson Relay Chat network samgamgee'"
*CMD.........	Starting --id 103 --serverhost rivendale --serverport 36302 --username elrond --info "Test info" --log-file elrond.log
[elrond] 	Launching client elrond...
*CMD.........	Waiting... 1.0
[elrond] 	Sending message to b'\x80\x00\x00\x00g\x00\x00\x00\x00\x06\x00\x0belrond"Test info"'
[rivendale] 	Received msg from Host ID #103 "b'\x80\x00\x00\x00g\x00\x00\x00\x00\x06\x00\x0belrond"Test info"'"
[rivendale] 	Sending message to Host ID #1 "b'\x80\x00\x00\x00g\x00\x00\x00\x02\x06\x00\x0belrond"Test info"'"
[rivendale] 	Sending message to Host ID #103 "b'\x01\x00\x00\x00\x02\x00\x00\x00g\x00\x00\x00\x00\x000Welcome to the Clemson Relay Chat network elrond'"
[elrond] 	Received message from Host ID #101 "b'\x80\x00\x00\x00e\x00\x00\x00\x02\x0c\x00\x0bfrodobaggins"Test info"'"
[theshire] 	Received msg from Host ID #103 "b'\x80\x00\x00\x00g\x00\x00\x00\x02\x06\x00\x0belrond"Test info"'"
[elrond] 	Received message from Host ID #102 "b'\x80\x00\x00\x00f\x00\x00\x00\x02\t\x00\x0bsamgamgee"Test info"'"
[theshire] 	Sending message to Host ID #3 "b'\x80\x00\x00\x00g\x00\x00\x00\x01\x06\x00\x0belrond"Test info"'"
[elrond] 	Received message from Host ID #2 "b'\x01\x00\x00\x00\x02\x00\x00\x00g\x00\x00\x00\x00\x000Welcome to the Clemson Relay Chat network elrond'"
[theshire] 	Sending message to Host ID #101 "b'\x80\x00\x00\x00g\x00\x00\x00\x01\x06\x00\x0belrond"Test info"'"
[theshire] 	Sending message to Host ID #102 "b'\x80\x00\x00\x00g\x00\x00\x00\x01\x06\x00\x0belrond"Test info"'"
[frodobaggins] 	Received message from Host ID #103 "b'\x80\x00\x00\x00g\x00\x00\x00\x01\x06\x00\x0belrond"Test info"'"
[samgamgee] 	Received message from Host ID #103 "b'\x80\x00\x00\x00g\x00\x00\x00\x01\x06\x00\x0belrond"Test info"'"
[grey_havens] 	Received msg from Host ID #103 "b'\x80\x00\x00\x00g\x00\x00\x00\x01\x06\x00\x0belrond"Test info"'"
*CMD.........	Starting --id 104 --serverhost grey_havens --serverport 36303 --username bilbobaggins --info "Test info" --log-file bilbobaggins.log
[bilbobaggins] 	Launching client bilbobaggins...
*CMD.........	Waiting... 1.0
[bilbobaggins] 	Sending message to b'\x80\x00\x00\x00h\x00\x00\x00\x00\x0c\x00\x0bbilbobaggins"Test info"'
[grey_havens] 	Received msg from Host ID #104 "b'\x80\x00\x00\x00h\x00\x00\x00\x00\x0c\x00\x0bbilbobaggins"Test info"'"
[grey_havens] 	Sending message to Host ID #1 "b'\x80\x00\x00\x00h\x00\x00\x00\x03\x0c\x00\x0bbilbobaggins"Test info"'"
[grey_havens] 	Sending message to Host ID #104 "b'\x01\x00\x00\x00\x03\x00\x00\x00h\x00\x00\x00\x00\x006Welcome to the Clemson Relay Chat network bilbobaggins'"
[theshire] 	Received msg from Host ID #104 "b'\x80\x00\x00\x00h\x00\x00\x00\x03\x0c\x00\x0bbilbobaggins"Test info"'"
[bilbobaggins] 	Received message from Host ID #101 "b'\x80\x00\x00\x00e\x00\x00\x00\x03\x0c\x00\x0bfrodobaggins"Test info"'"
[theshire] 	Sending message to Host ID #2 "b'\x80\x00\x00\x00h\x00\x00\x00\x01\x0c\x00\x0bbilbobaggins"Test info"'"
[bilbobaggins] 	Received message from Host ID #102 "b'\x80\x00\x00\x00f\x00\x00\x00\x03\t\x00\x0bsamgamgee"Test info"'"
[theshire] 	Sending message to Host ID #101 "b'\x80\x00\x00\x00h\x00\x00\x00\x01\x0c\x00\x0bbilbobaggins"Test info"'"
[bilbobaggins] 	Received message from Host ID #103 "b'\x80\x00\x00\x00g\x00\x00\x00\x03\x06\x00\x0belrond"Test info"'"
[theshire] 	Sending message to Host ID #102 "b'\x80\x00\x00\x00h\x00\x00\x00\x01\x0c\x00\x0bbilbobaggins"Test info"'"
[bilbobaggins] 	Received message from Host ID #3 "b'\x01\x00\x00\x00\x03\x00\x00\x00h\x00\x00\x00\x00\x006Welcome to the Clemson Relay Chat network bilbobaggins'"
[rivendale] 	Received msg from Host ID #104 "b'\x80\x00\x00\x00h\x00\x00\x00\x01\x0c\x00\x0bbilbobaggins"Test info"'"
[samgamgee] 	Received message from Host ID #104 "b'\x80\x00\x00\x00h\x00\x00\x00\x01\x0c\x00\x0bbilbobaggins"Test info"'"
[frodobaggins] 	Received message from Host ID #104 "b'\x80\x00\x00\x00h\x00\x00\x00\x01\x0c\x00\x0bbilbobaggins"Test info"'"
[rivendale] 	Sending message to Host ID #103 "b'\x80\x00\x00\x00h\x00\x00\x00\x02\x0c\x00\x0bbilbobaggins"Test info"'"
[elrond] 	Received message from Host ID #104 "b'\x80\x00\x00\x00h\x00\x00\x00\x02\x0c\x00\x0bbilbobaggins"Test info"'"
*CMD.........	Starting --id 4 --servername lothlorien --port 36304 --info "The Golden Wood" --log-file lothlorien.log --connect_to_host rivendale --connect_to_port 36302
[lothlorien] 	Launching server lothlorien...
*CMD.........	Waiting... 1.0
[lothlorien] 	[SERVER] Configuring the server socket...
[lothlorien] 	[SERVER] Connecting to remote server rivendale:36302...
[lothlorien] 	Listening for new connections on port 36304
[rivendale] 	Received msg from Host ID #4 "b'\x00\x00\x00\x00\x04\x00\x00\x00\x00\n\x00\x11lothlorien"The Golden Wood"'"
[rivendale] 	Sending message to Host ID #1 "b'\x00\x00\x00\x00\x04\x00\x00\x00\x02\n\x00\x11lothlorien"The Golden Wood"'"
[theshire] 	Received msg from Host ID #4 "b'\x00\x00\x00\x00\x04\x00\x00\x00\x02\n\x00\x11lothlorien"The Golden Wood"'"
[lothlorien] 	Received msg from Host ID #2 "b'\x00\x00\x00\x00\x02\x00\x00\x00\x02\t\x00\x0frivendale"Elronds House"'"
[theshire] 	Sending message to Host ID #3 "b'\x00\x00\x00\x00\x04\x00\x00\x00\x01\n\x00\x11lothlorien"The Golden Wood"'"
[lothlorien] 	Received msg from Host ID #1 "b'\x00\x00\x00\x00\x01\x00\x00\x00\x02\x08\x00\x15theshire"Home of the Hobbits"'"
[grey_havens] 	Received msg from Host ID #4 "b'\x00\x00\x00\x00\x04\x00\x00\x00\x01\n\x00\x11lothlorien"The Golden Wood"'"
[lothlorien] 	Received msg from Host ID #101 "b'\x80\x00\x00\x00e\x00\x00\x00\x02\x0c\x00\x0bfrodobaggins"Test info"'"
[lothlorien] 	Received msg from Host ID #3 "b'\x00\x00\x00\x00\x03\x00\x00\x00\x02\x0b\x00\x1cgrey_havens"Gates to the Blessed Realm"'"
[lothlorien] 	Received msg from Host ID #102 "b'\x80\x00\x00\x00f\x00\x00\x00\x02\t\x00\x0bsamgamgee"Test info"'"
[lothlorien] 	Received msg from Host ID #103 "b'\x80\x00\x00\x00g\x00\x00\x00\x02\x06\x00\x0belrond"Test info"'"
[lothlorien] 	Received msg from Host ID #104 "b'\x80\x00\x00\x00h\x00\x00\x00\x02\x0c\x00\x0bbilbobaggins"Test info"'"
*CMD.........	Starting --id 5 --servername moria --port 36305 --info "The Black Pit" --log-file moria.log --connect_to_host rivendale --connect_to_port 36302
[moria] 	Launching server moria...
*CMD.........	Waiting... 1.0
[moria] 	[SERVER] Configuring the server socket...
[moria] 	[SERVER] Connecting to remote server rivendale:36302...
[moria] 	Listening for new connections on port 36305
[rivendale] 	Received msg from Host ID #5 "b'\x00\x00\x00\x00\x05\x00\x00\x00\x00\x05\x00\x0fmoria"The Black Pit"'"
[rivendale] 	Sending message to Host ID #1 "b'\x00\x00\x00\x00\x05\x00\x00\x00\x02\x05\x00\x0fmoria"The Black Pit"'"
[rivendale] 	Sending message to Host ID #4 "b'\x00\x00\x00\x00\x05\x00\x00\x00\x02\x05\x00\x0fmoria"The Black Pit"'"
[theshire] 	Received msg from Host ID #5 "b'\x00\x00\x00\x00\x05\x00\x00\x00\x02\x05\x00\x0fmoria"The Black Pit"'"
[lothlorien] 	Received msg from Host ID #5 "b'\x00\x00\x00\x00\x05\x00\x00\x00\x02\x05\x00\x0fmoria"The Black Pit"'"
[moria] 	Received msg from Host ID #2 "b'\x00\x00\x00\x00\x02\x00\x00\x00\x02\t\x00\x0frivendale"Elronds House"'"
[theshire] 	Sending message to Host ID #3 "b'\x00\x00\x00\x00\x05\x00\x00\x00\x01\x05\x00\x0fmoria"The Black Pit"'"
[moria] 	Received msg from Host ID #1 "b'\x00\x00\x00\x00\x01\x00\x00\x00\x02\x08\x00\x15theshire"Home of the Hobbits"'"
[moria] 	Received msg from Host ID #101 "b'\x80\x00\x00\x00e\x00\x00\x00\x02\x0c\x00\x0bfrodobaggins"Test info"'"
[grey_havens] 	Received msg from Host ID #5 "b'\x00\x00\x00\x00\x05\x00\x00\x00\x01\x05\x00\x0fmoria"The Black Pit"'"
[moria] 	Received msg from Host ID #3 "b'\x00\x00\x00\x00\x03\x00\x00\x00\x02\x0b\x00\x1cgrey_havens"Gates to the Blessed Realm"'"
[moria] 	Received msg from Host ID #102 "b'\x80\x00\x00\x00f\x00\x00\x00\x02\t\x00\x0bsamgamgee"Test info"'"
[moria] 	Received msg from Host ID #103 "b'\x80\x00\x00\x00g\x00\x00\x00\x02\x06\x00\x0belrond"Test info"'"
[moria] 	Received msg from Host ID #104 "b'\x80\x00\x00\x00h\x00\x00\x00\x02\x0c\x00\x0bbilbobaggins"Test info"'"
[moria] 	Received msg from Host ID #4 "b'\x00\x00\x00\x00\x04\x00\x00\x00\x02\n\x00\x11lothlorien"The Golden Wood"'"
*CMD.........	Running client command: --username bilbobaggins --command MESSAGE 102 "Sam, how is the garden doing?"
[bilbobaggins] 	Sending message to b'\x81\x00\x00\x00h\x00\x00\x00f\x00\x00\x00\x1f"Sam, how is the garden doing?"'
*CMD.........	Waiting... 1.0
[grey_havens] 	Received msg from Host ID #104 "b'\x81\x00\x00\x00h\x00\x00\x00f\x00\x00\x00\x1f"Sam, how is the garden doing?"'"
[grey_havens] 	Sending message to Host ID #102 "b'\x81\x00\x00\x00h\x00\x00\x00f\x00\x00\x00\x1f"Sam, how is the garden doing?"'"
[theshire] 	Received msg from Host ID #104 "b'\x81\x00\x00\x00h\x00\x00\x00f\x00\x00\x00\x1f"Sam, how is the garden doing?"'"
[theshire] 	Sending message to Host ID #102 "b'\x81\x00\x00\x00h\x00\x00\x00f\x00\x00\x00\x1f"Sam, how is the garden doing?"'"
[samgamgee] 	Received message from Host ID #104 "b'\x81\x00\x00\x00h\x00\x00\x00f\x00\x00\x00\x1f"Sam, how is the garden doing?"'"
*CMD.........	Running client command: --username samgamgee --command QUIT "Stepping out to get a bite to eat"
[samgamgee] 	Sending message to b'\x82\x00\x00\x00f\x00\x00\x00#"Stepping out to get a bite to eat"'
[theshire] 	Received msg from Host ID #102 "b'\x82\x00\x00\x00f\x00\x00\x00#"Stepping out to get a bite to eat"'"
*CMD.........	Waiting... 0.5
[theshire] 	Sending message to Host ID #2 "b'\x82\x00\x00\x00f\x00\x00\x00#"Stepping out to get a bite to eat"'"
[theshire] 	Sending message to Host ID #3 "b'\x82\x00\x00\x00f\x00\x00\x00#"Stepping out to get a bite to eat"'"
[theshire] 	Sending message to Host ID #101 "b'\x82\x00\x00\x00f\x00\x00\x00#"Stepping out to get a bite to eat"'"
[rivendale] 	Received msg from Host ID #102 "b'\x82\x00\x00\x00f\x00\x00\x00#"Stepping out to get a bite to eat"'"
[frodobaggins] 	Received message from Host ID #102 "b'\x82\x00\x00\x00f\x00\x00\x00#"Stepping out to get a bite to eat"'"
[grey_havens] 	Received msg from Host ID #102 "b'\x82\x00\x00\x00f\x00\x00\x00#"Stepping out to get a bite to eat"'"
[rivendale] 	Sending message to Host ID #1 "b'\x82\x00\x00\x00f\x00\x00\x00#"Stepping out to get a bite to eat"'"
[grey_havens] 	Sending message to Host ID #1 "b'\x82\x00\x00\x00f\x00\x00\x00#"Stepping out to get a bite to eat"'"
[rivendale] 	Sending message to Host ID #4 "b'\x82\x00\x00\x00f\x00\x00\x00#"Stepping out to get a bite to eat"'"
[grey_havens] 	Sending message to Host ID #104 "b'\x82\x00\x00\x00f\x00\x00\x00#"Stepping out to get a bite to eat"'"
[rivendale] 	Sending message to Host ID #5 "b'\x82\x00\x00\x00f\x00\x00\x00#"Stepping out to get a bite to eat"'"
[rivendale] 	Sending message to Host ID #103 "b'\x82\x00\x00\x00f\x00\x00\x00#"Stepping out to get a bite to eat"'"
[bilbobaggins] 	Received message from Host ID #102 "b'\x82\x00\x00\x00f\x00\x00\x00#"Stepping out to get a bite to eat"'"
[theshire] 	Received msg from Host ID #102 "b'\x82\x00\x00\x00f\x00\x00\x00#"Stepping out to get a bite to eat"'"
[elrond] 	Received message from Host ID #102 "b'\x82\x00\x00\x00f\x00\x00\x00#"Stepping out to get a bite to eat"'"
[lothlorien] 	Received msg from Host ID #102 "b'\x82\x00\x00\x00f\x00\x00\x00#"Stepping out to get a bite to eat"'"
[moria] 	Received msg from Host ID #102 "b'\x82\x00\x00\x00f\x00\x00\x00#"Stepping out to get a bite to eat"'"
[theshire] 	Sending message to an unknown IO device "b'\x01\x00\x00\x00\x01\x00\x00\x00f\x00\x01\x00\x00\x00\x0eUnknown ID 102'"
[lothlorien] 	Sending message to Host ID #2 "b'\x82\x00\x00\x00f\x00\x00\x00#"Stepping out to get a bite to eat"'"
[moria] 	Sending message to Host ID #2 "b'\x82\x00\x00\x00f\x00\x00\x00#"Stepping out to get a bite to eat"'"
[theshire] 	Received msg from Host ID #102 "b'\x82\x00\x00\x00f\x00\x00\x00#"Stepping out to get a bite to eat"'"
[grey_havens] 	Received msg from Host ID #1 "b'\x01\x00\x00\x00\x01\x00\x00\x00f\x00\x01\x00\x00\x00\x0eUnknown ID 102'"
[rivendale] 	Received msg from Host ID #102 "b'\x82\x00\x00\x00f\x00\x00\x00#"Stepping out to get a bite to eat"'"
[theshire] 	Sending message to an unknown IO device "b'\x01\x00\x00\x00\x01\x00\x00\x00f\x00\x01\x00\x00\x00\x0eUnknown ID 102'"
[rivendale] 	Sending message to an unknown IO device "b'\x01\x00\x00\x00\x02\x00\x00\x00f\x00\x01\x00\x00\x00\x0eUnknown ID 102'"
[lothlorien] 	Received msg from Host ID #2 "b'\x01\x00\x00\x00\x02\x00\x00\x00f\x00\x01\x00\x00\x00\x0eUnknown ID 102'"
[rivendale] 	Received msg from Host ID #102 "b'\x82\x00\x00\x00f\x00\x00\x00#"Stepping out to get a bite to eat"'"
[rivendale] 	Sending message to an unknown IO device "b'\x01\x00\x00\x00\x02\x00\x00\x00f\x00\x01\x00\x00\x00\x0eUnknown ID 102'"
[rivendale] 	Received msg from Host ID #1 "b'\x01\x00\x00\x00\x01\x00\x00\x00f\x00\x01\x00\x00\x00\x0eUnknown ID 102'"
[moria] 	Received msg from Host ID #2 "b'\x01\x00\x00\x00\x02\x00\x00\x00f\x00\x01\x00\x00\x00\x0eUnknown ID 102'"
*CMD.........	Running client command: --username frodobaggins --command MESSAGE 102 "Pick me up some lembas bread, will you?"
[frodobaggins] 	Sending message to b'\x81\x00\x00\x00e\x00\x00\x00f\x00\x00\x00)"Pick me up some lembas bread, will you?"'
[theshire] 	Received msg from Host ID #101 "b'\x81\x00\x00\x00e\x00\x00\x00f\x00\x00\x00)"Pick me up some lembas bread, will you?"'"
*CMD.........	Waiting... 1.0
[theshire] 	Sending message to an unknown IO device "b'\x01\x00\x00\x00\x01\x00\x00\x00f\x00\x01\x00\x00\x00\x0eUnknown ID 102'"
[frodobaggins] 	Received message from Host ID #1 "b'\x01\x00\x00\x00\x01\x00\x00\x00f\x00\x01\x00\x00\x00\x0eUnknown ID 102'"
*CMD.........	Starting --id 6 --servername edoras --port 36306 --info "Home of the Golden Hall of Meduseld" --log-file edoras.log --connect_to_host lothlorien --connect_to_port 36304
[edoras] 	Launching server edoras...
*CMD.........	Waiting... 1.0
[edoras] 	[SERVER] Configuring the server socket...
[edoras] 	[SERVER] Connecting to remote server lothlorien:36304...
[edoras] 	Listening for new connections on port 36306
[lothlorien] 	Received msg from Host ID #6 "b'\x00\x00\x00\x00\x06\x00\x00\x00\x00\x06\x00%edoras"Home of the Golden Hall of Meduseld"'"
[lothlorien] 	Sending message to Host ID #2 "b'\x00\x00\x00\x00\x06\x00\x00\x00\x04\x06\x00%edoras"Home of the Golden Hall of Meduseld"'"
[rivendale] 	Received msg from Host ID #6 "b'\x00\x00\x00\x00\x06\x00\x00\x00\x04\x06\x00%edoras"Home of the Golden Hall of Meduseld"'"
[edoras] 	Received msg from Host ID #4 "b'\x00\x00\x00\x00\x04\x00\x00\x00\x04\n\x00\x11lothlorien"The Golden Wood"'"
[rivendale] 	Sending message to Host ID #1 "b'\x00\x00\x00\x00\x06\x00\x00\x00\x02\x06\x00%edoras"Home of the Golden Hall of Meduseld"'"
[edoras] 	Received msg from Host ID #2 "b'\x00\x00\x00\x00\x02\x00\x00\x00\x04\t\x00\x0frivendale"Elronds House"'"
[rivendale] 	Sending message to Host ID #5 "b'\x00\x00\x00\x00\x06\x00\x00\x00\x02\x06\x00%edoras"Home of the Golden Hall of Meduseld"'"
[edoras] 	Received msg from Host ID #1 "b'\x00\x00\x00\x00\x01\x00\x00\x00\x04\x08\x00\x15theshire"Home of the Hobbits"'"
[theshire] 	Received msg from Host ID #6 "b'\x00\x00\x00\x00\x06\x00\x00\x00\x02\x06\x00%edoras"Home of the Golden Hall of Meduseld"'"
[moria] 	Received msg from Host ID #6 "b'\x00\x00\x00\x00\x06\x00\x00\x00\x02\x06\x00%edoras"Home of the Golden Hall of Meduseld"'"
[edoras] 	Received msg from Host ID #101 "b'\x80\x00\x00\x00e\x00\x00\x00\x04\x0c\x00\x0bfrodobaggins"Test info"'"
[theshire] 	Sending message to Host ID #3 "b'\x00\x00\x00\x00\x06\x00\x00\x00\x01\x06\x00%edoras"Home of the Golden Hall of Meduseld"'"
[edoras] 	Received msg from Host ID #3 "b'\x00\x00\x00\x00\x03\x00\x00\x00\x04\x0b\x00\x1cgrey_havens"Gates to the Blessed Realm"'"
[grey_havens] 	Received msg from Host ID #6 "b'\x00\x00\x00\x00\x06\x00\x00\x00\x01\x06\x00%edoras"Home of the Golden Hall of Meduseld"'"
[edoras] 	Received msg from Host ID #103 "b'\x80\x00\x00\x00g\x00\x00\x00\x04\x06\x00\x0belrond"Test info"'"
[edoras] 	Received msg from Host ID #104 "b'\x80\x00\x00\x00h\x00\x00\x00\x04\x0c\x00\x0bbilbobaggins"Test info"'"
[edoras] 	Received msg from Host ID #5 "b'\x00\x00\x00\x00\x05\x00\x00\x00\x04\x05\x00\x0fmoria"The Black Pit"'"
*CMD.........	Starting --id 7 --servername minastirith --port 36307 --info "Tower of Guard" --log-file minastirith.log --connect_to_host lothlorien --connect_to_port 36304
[minastirith] 	Launching server minastirith...
*CMD.........	Waiting... 1.0
[minastirith] 	[SERVER] Configuring the server socket...
[minastirith] 	[SERVER] Connecting to remote server lothlorien:36304...
[minastirith] 	Listening for new connections on port 36307
[lothlorien] 	Received msg from Host ID #7 "b'\x00\x00\x00\x00\x07\x00\x00\x00\x00\x0b\x00\x10minastirith"Tower of Guard"'"
[lothlorien] 	Sending message to Host ID #2 "b'\x00\x00\x00\x00\x07\x00\x00\x00\x04\x0b\x00\x10minastirith"Tower of Guard"'"
[lothlorien] 	Sending message to Host ID #6 "b'\x00\x00\x00\x00\x07\x00\x00\x00\x04\x0b\x00\x10minastirith"Tower of Guard"'"
[rivendale] 	Received msg from Host ID #7 "b'\x00\x00\x00\x00\x07\x00\x00\x00\x04\x0b\x00\x10minastirith"Tower of Guard"'"
[minastirith] 	Received msg from Host ID #4 "b'\x00\x00\x00\x00\x04\x00\x00\x00\x04\n\x00\x11lothlorien"The Golden Wood"'"
[edoras] 	Received msg from Host ID #7 "b'\x00\x00\x00\x00\x07\x00\x00\x00\x04\x0b\x00\x10minastirith"Tower of Guard"'"
[rivendale] 	Sending message to Host ID #1 "b'\x00\x00\x00\x00\x07\x00\x00\x00\x02\x0b\x00\x10minastirith"Tower of Guard"'"
[minastirith] 	Received msg from Host ID #2 "b'\x00\x00\x00\x00\x02\x00\x00\x00\x04\t\x00\x0frivendale"Elronds House"'"
[rivendale] 	Sending message to Host ID #5 "b'\x00\x00\x00\x00\x07\x00\x00\x00\x02\x0b\x00\x10minastirith"Tower of Guard"'"
[minastirith] 	Received msg from Host ID #1 "b'\x00\x00\x00\x00\x01\x00\x00\x00\x04\x08\x00\x15theshire"Home of the Hobbits"'"
[theshire] 	Received msg from Host ID #7 "b'\x00\x00\x00\x00\x07\x00\x00\x00\x02\x0b\x00\x10minastirith"Tower of Guard"'"
[moria] 	Received msg from Host ID #7 "b'\x00\x00\x00\x00\x07\x00\x00\x00\x02\x0b\x00\x10minastirith"Tower of Guard"'"
[minastirith] 	Received msg from Host ID #101 "b'\x80\x00\x00\x00e\x00\x00\x00\x04\x0c\x00\x0bfrodobaggins"Test info"'"
[theshire] 	Sending message to Host ID #3 "b'\x00\x00\x00\x00\x07\x00\x00\x00\x01\x0b\x00\x10minastirith"Tower of Guard"'"
[minastirith] 	Received msg from Host ID #3 "b'\x00\x00\x00\x00\x03\x00\x00\x00\x04\x0b\x00\x1cgrey_havens"Gates to the Blessed Realm"'"
[grey_havens] 	Received msg from Host ID #7 "b'\x00\x00\x00\x00\x07\x00\x00\x00\x01\x0b\x00\x10minastirith"Tower of Guard"'"
[minastirith] 	Received msg from Host ID #103 "b'\x80\x00\x00\x00g\x00\x00\x00\x04\x06\x00\x0belrond"Test info"'"
[minastirith] 	Received msg from Host ID #104 "b'\x80\x00\x00\x00h\x00\x00\x00\x04\x0c\x00\x0bbilbobaggins"Test info"'"
[minastirith] 	Received msg from Host ID #5 "b'\x00\x00\x00\x00\x05\x00\x00\x00\x04\x05\x00\x0fmoria"The Black Pit"'"
[minastirith] 	Received msg from Host ID #6 "b'\x00\x00\x00\x00\x06\x00\x00\x00\x04\x06\x00%edoras"Home of the Golden Hall of Meduseld"'"
*CMD.........	Starting --id 105 --serverhost minastirith --serverport 36307 --username peregrin --info "Test info" --log-file peregrin.log
[peregrin] 	Launching client peregrin...
*CMD.........	Waiting... 2.0
[peregrin] 	Sending message to b'\x80\x00\x00\x00i\x00\x00\x00\x00\x08\x00\x0bperegrin"Test info"'
[minastirith] 	Received msg from Host ID #105 "b'\x80\x00\x00\x00i\x00\x00\x00\x00\x08\x00\x0bperegrin"Test info"'"
[minastirith] 	Sending message to Host ID #4 "b'\x80\x00\x00\x00i\x00\x00\x00\x07\x08\x00\x0bperegrin"Test info"'"
[minastirith] 	Sending message to Host ID #105 "b'\x01\x00\x00\x00\x07\x00\x00\x00i\x00\x00\x00\x00\x002Welcome to the Clemson Relay Chat network peregrin'"
[lothlorien] 	Received msg from Host ID #105 "b'\x80\x00\x00\x00i\x00\x00\x00\x07\x08\x00\x0bperegrin"Test info"'"
[peregrin] 	Received message from Host ID #101 "b'\x80\x00\x00\x00e\x00\x00\x00\x07\x0c\x00\x0bfrodobaggins"Test info"'"
[lothlorien] 	Sending message to Host ID #2 "b'\x80\x00\x00\x00i\x00\x00\x00\x04\x08\x00\x0bperegrin"Test info"'"
[peregrin] 	Received message from Host ID #103 "b'\x80\x00\x00\x00g\x00\x00\x00\x07\x06\x00\x0belrond"Test info"'"
[lothlorien] 	Sending message to Host ID #6 "b'\x80\x00\x00\x00i\x00\x00\x00\x04\x08\x00\x0bperegrin"Test info"'"
[peregrin] 	Received message from Host ID #104 "b'\x80\x00\x00\x00h\x00\x00\x00\x07\x0c\x00\x0bbilbobaggins"Test info"'"
[rivendale] 	Received msg from Host ID #105 "b'\x80\x00\x00\x00i\x00\x00\x00\x04\x08\x00\x0bperegrin"Test info"'"
[edoras] 	Received msg from Host ID #105 "b'\x80\x00\x00\x00i\x00\x00\x00\x04\x08\x00\x0bperegrin"Test info"'"
[peregrin] 	Received message from Host ID #7 "b'\x01\x00\x00\x00\x07\x00\x00\x00i\x00\x00\x00\x00\x002Welcome to the Clemson Relay Chat network peregrin'"
[rivendale] 	Sending message to Host ID #1 "b'\x80\x00\x00\x00i\x00\x00\x00\x02\x08\x00\x0bperegrin"Test info"'"
[rivendale] 	Sending message to Host ID #5 "b'\x80\x00\x00\x00i\x00\x00\x00\x02\x08\x00\x0bperegrin"Test info"'"
[rivendale] 	Sending message to Host ID #103 "b'\x80\x00\x00\x00i\x00\x00\x00\x02\x08\x00\x0bperegrin"Test info"'"
[theshire] 	Received msg from Host ID #105 "b'\x80\x00\x00\x00i\x00\x00\x00\x02\x08\x00\x0bperegrin"Test info"'"
[elrond] 	Received message from Host ID #105 "b'\x80\x00\x00\x00i\x00\x00\x00\x02\x08\x00\x0bperegrin"Test info"'"
[moria] 	Received msg from Host ID #105 "b'\x80\x00\x00\x00i\x00\x00\x00\x02\x08\x00\x0bperegrin"Test info"'"
[theshire] 	Sending message to Host ID #3 "b'\x80\x00\x00\x00i\x00\x00\x00\x01\x08\x00\x0bperegrin"Test info"'"
[theshire] 	Sending message to Host ID #101 "b'\x80\x00\x00\x00i\x00\x00\x00\x01\x08\x00\x0bperegrin"Test info"'"
[frodobaggins] 	Received message from Host ID #105 "b'\x80\x00\x00\x00i\x00\x00\x00\x01\x08\x00\x0bperegrin"Test info"'"
[grey_havens] 	Received msg from Host ID #105 "b'\x80\x00\x00\x00i\x00\x00\x00\x01\x08\x00\x0bperegrin"Test info"'"
[grey_havens] 	Sending message to Host ID #104 "b'\x80\x00\x00\x00i\x00\x00\x00\x03\x08\x00\x0bperegrin"Test info"'"
[bilbobaggins] 	Received message from Host ID #105 "b'\x80\x00\x00\x00i\x00\x00\x00\x03\x08\x00\x0bperegrin"Test info"'"
*CMD.........	Starting --id 8 --servername mirkwood --port 36308 --info "Wood of Greenleaves" --log-file mirkwood.log --connect_to_host rivendale --connect_to_port 36302
[mirkwood] 	Launching server mirkwood...
*CMD.........	Waiting... 1.0
[mirkwood] 	[SERVER] Configuring the server socket...
[mirkwood] 	[SERVER] Connecting to remote server rivendale:36302...
[mirkwood] 	Listening for new connections on port 36308
[rivendale] 	Received msg from Host ID #8 "b'\x00\x00\x00\x00\x08\x00\x00\x00\x00\x08\x00\x15mirkwood"Wood of Greenleaves"'"
[rivendale] 	Sending message to Host ID #1 "b'\x00\x00\x00\x00\x08\x00\x00\x00\x02\x08\x00\x15mirkwood"Wood of Greenleaves"'"
[rivendale] 	Sending message to Host ID #4 "b'\x00\x00\x00\x00\x08\x00\x00\x00\x02\x08\x00\x15mirkwood"Wood of Greenleaves"'"
[rivendale] 	Sending message to Host ID #5 "b'\x00\x00\x00\x00\x08\x00\x00\x00\x02\x08\x00\x15mirkwood"Wood of Greenleaves"'"
[theshire] 	Received msg from Host ID #8 "b'\x00\x00\x00\x00\x08\x00\x00\x00\x02\x08\x00\x15mirkwood"Wood of Greenleaves"'"
[moria] 	Received msg from Host ID #8 "b'\x00\x00\x00\x00\x08\x00\x00\x00\x02\x08\x00\x15mirkwood"Wood of Greenleaves"'"
[mirkwood] 	Received msg from Host ID #2 "b'\x00\x00\x00\x00\x02\x00\x00\x00\x02\t\x00\x0frivendale"Elronds House"'"[lothlorien] 	Received msg from Host ID #8 "b'\x00\x00\x00\x00\x08\x00\x00\x00\x02\x08\x00\x15mirkwood"Wood of Greenleaves"'"

[theshire] 	Sending message to Host ID #3 "b'\x00\x00\x00\x00\x08\x00\x00\x00\x01\x08\x00\x15mirkwood"Wood of Greenleaves"'"
[lothlorien] 	Sending message to Host ID #6 "b'\x00\x00\x00\x00\x08\x00\x00\x00\x04\x08\x00\x15mirkwood"Wood of Greenleaves"'"
[mirkwood] 	Received msg from Host ID #1 "b'\x00\x00\x00\x00\x01\x00\x00\x00\x02\x08\x00\x15theshire"Home of the Hobbits"'"
[grey_havens] 	Received msg from Host ID #8 "b'\x00\x00\x00\x00\x08\x00\x00\x00\x01\x08\x00\x15mirkwood"Wood of Greenleaves"'"
[lothlorien] 	Sending message to Host ID #7 "b'\x00\x00\x00\x00\x08\x00\x00\x00\x04\x08\x00\x15mirkwood"Wood of Greenleaves"'"
[mirkwood] 	Received msg from Host ID #101 "b'\x80\x00\x00\x00e\x00\x00\x00\x02\x0c\x00\x0bfrodobaggins"Test info"'"
[edoras] 	Received msg from Host ID #8 "b'\x00\x00\x00\x00\x08\x00\x00\x00\x04\x08\x00\x15mirkwood"Wood of Greenleaves"'"
[minastirith] 	Received msg from Host ID #8 "b'\x00\x00\x00\x00\x08\x00\x00\x00\x04\x08\x00\x15mirkwood"Wood of Greenleaves"'"
[mirkwood] 	Received msg from Host ID #3 "b'\x00\x00\x00\x00\x03\x00\x00\x00\x02\x0b\x00\x1cgrey_havens"Gates to the Blessed Realm"'"
[mirkwood] 	Received msg from Host ID #103 "b'\x80\x00\x00\x00g\x00\x00\x00\x02\x06\x00\x0belrond"Test info"'"
[mirkwood] 	Received msg from Host ID #104 "b'\x80\x00\x00\x00h\x00\x00\x00\x02\x0c\x00\x0bbilbobaggins"Test info"'"
[mirkwood] 	Received msg from Host ID #4 "b'\x00\x00\x00\x00\x04\x00\x00\x00\x02\n\x00\x11lothlorien"The Golden Wood"'"
[mirkwood] 	Received msg from Host ID #5 "b'\x00\x00\x00\x00\x05\x00\x00\x00\x02\x05\x00\x0fmoria"The Black Pit"'"
*CMD.........	Starting --id 106 --serverhost edoras --serverport 36306 --username meriadoc --info "Test info" --log-file meriadoc.log
[meriadoc] 	Launching client meriadoc...
*CMD.........	Waiting... 1.0
[mirkwood] 	Received msg from Host ID #6 "b'\x00\x00\x00\x00\x06\x00\x00\x00\x02\x06\x00%edoras"Home of the Golden Hall of Meduseld"'"
[meriadoc] 	Sending message to b'\x80\x00\x00\x00j\x00\x00\x00\x00\x08\x00\x0bmeriadoc"Test info"'
[mirkwood] 	Received msg from Host ID #7 "b'\x00\x00\x00\x00\x07\x00\x00\x00\x02\x0b\x00\x10minastirith"Tower of Guard"'"
[edoras] 	Received msg from Host ID #106 "b'\x80\x00\x00\x00j\x00\x00\x00\x00\x08\x00\x0bmeriadoc"Test info"'"
[mirkwood] 	Received msg from Host ID #105 "b'\x80\x00\x00\x00i\x00\x00\x00\x02\x08\x00\x0bperegrin"Test info"'"
[edoras] 	Sending message to Host ID #4 "b'\x80\x00\x00\x00j\x00\x00\x00\x06\x08\x00\x0bmeriadoc"Test info"'"
[edoras] 	Sending message to Host ID #106 "b'\x01\x00\x00\x00\x06\x00\x00\x00j\x00\x00\x00\x00\x002Welcome to the Clemson Relay Chat network meriadoc'"
[lothlorien] 	Received msg from Host ID #106 "b'\x80\x00\x00\x00j\x00\x00\x00\x06\x08\x00\x0bmeriadoc"Test info"'"
[meriadoc] 	Received message from Host ID #101 "b'\x80\x00\x00\x00e\x00\x00\x00\x06\x0c\x00\x0bfrodobaggins"Test info"'"
[lothlorien] 	Sending message to Host ID #2 "b'\x80\x00\x00\x00j\x00\x00\x00\x04\x08\x00\x0bmeriadoc"Test info"'"
[meriadoc] 	Received message from Host ID #103 "b'\x80\x00\x00\x00g\x00\x00\x00\x06\x06\x00\x0belrond"Test info"'"
[lothlorien] 	Sending message to Host ID #7 "b'\x80\x00\x00\x00j\x00\x00\x00\x04\x08\x00\x0bmeriadoc"Test info"'"
[meriadoc] 	Received message from Host ID #104 "b'\x80\x00\x00\x00h\x00\x00\x00\x06\x0c\x00\x0bbilbobaggins"Test info"'"
[rivendale] 	Received msg from Host ID #106 "b'\x80\x00\x00\x00j\x00\x00\x00\x04\x08\x00\x0bmeriadoc"Test info"'"
[minastirith] 	Received msg from Host ID #106 "b'\x80\x00\x00\x00j\x00\x00\x00\x04\x08\x00\x0bmeriadoc"Test info"'"
[meriadoc] 	Received message from Host ID #105 "b'\x80\x00\x00\x00i\x00\x00\x00\x06\x08\x00\x0bperegrin"Test info"'"
[rivendale] 	Sending message to Host ID #1 "b'\x80\x00\x00\x00j\x00\x00\x00\x02\x08\x00\x0bmeriadoc"Test info"'"
[minastirith] 	Sending message to Host ID #105 "b'\x80\x00\x00\x00j\x00\x00\x00\x07\x08\x00\x0bmeriadoc"Test info"'"
[meriadoc] 	Received message from Host ID #6 "b'\x01\x00\x00\x00\x06\x00\x00\x00j\x00\x00\x00\x00\x002Welcome to the Clemson Relay Chat network meriadoc'"
[rivendale] 	Sending message to Host ID #5 "b'\x80\x00\x00\x00j\x00\x00\x00\x02\x08\x00\x0bmeriadoc"Test info"'"
[peregrin] 	Received message from Host ID #106 "b'\x80\x00\x00\x00j\x00\x00\x00\x07\x08\x00\x0bmeriadoc"Test info"'"
[rivendale] 	Sending message to Host ID #8 "b'\x80\x00\x00\x00j\x00\x00\x00\x02\x08\x00\x0bmeriadoc"Test info"'"
[rivendale] 	Sending message to Host ID #103 "b'\x80\x00\x00\x00j\x00\x00\x00\x02\x08\x00\x0bmeriadoc"Test info"'"
[theshire] 	Received msg from Host ID #106 "b'\x80\x00\x00\x00j\x00\x00\x00\x02\x08\x00\x0bmeriadoc"Test info"'"
[elrond] 	Received message from Host ID #106 "b'\x80\x00\x00\x00j\x00\x00\x00\x02\x08\x00\x0bmeriadoc"Test info"'"
[moria] 	Received msg from Host ID #106 "b'\x80\x00\x00\x00j\x00\x00\x00\x02\x08\x00\x0bmeriadoc"Test info"'"
[mirkwood] 	Received msg from Host ID #106 "b'\x80\x00\x00\x00j\x00\x00\x00\x02\x08\x00\x0bmeriadoc"Test info"'"
[theshire] 	Sending message to Host ID #3 "b'\x80\x00\x00\x00j\x00\x00\x00\x01\x08\x00\x0bmeriadoc"Test info"'"
[theshire] 	Sending message to Host ID #101 "b'\x80\x00\x00\x00j\x00\x00\x00\x01\x08\x00\x0bmeriadoc"Test info"'"
[frodobaggins] 	Received message from Host ID #106 "b'\x80\x00\x00\x00j\x00\x00\x00\x01\x08\x00\x0bmeriadoc"Test info"'"
[grey_havens] 	Received msg from Host ID #106 "b'\x80\x00\x00\x00j\x00\x00\x00\x01\x08\x00\x0bmeriadoc"Test info"'"
[grey_havens] 	Sending message to Host ID #104 "b'\x80\x00\x00\x00j\x00\x00\x00\x03\x08\x00\x0bmeriadoc"Test info"'"
[bilbobaggins] 	Received message from Host ID #106 "b'\x80\x00\x00\x00j\x00\x00\x00\x03\x08\x00\x0bmeriadoc"Test info"'"
*CMD.........	Starting --id 9 --servername isengard --port 36309 --info "Angrenost, The Iron Fortres" --log-file isengard.log --connect_to_host edoras --connect_to_port 36306
[isengard] 	Launching server isengard...
*CMD.........	Waiting... 1.0
[isengard] 	[SERVER] Configuring the server socket...
[isengard] 	[SERVER] Connecting to remote server edoras:36306...
[isengard] 	Listening for new connections on port 36309
[edoras] 	Received msg from Host ID #9 "b'\x00\x00\x00\x00\t\x00\x00\x00\x00\x08\x00\x1disengard"Angrenost, The Iron Fortres"'"
[edoras] 	Sending message to Host ID #4 "b'\x00\x00\x00\x00\t\x00\x00\x00\x06\x08\x00\x1disengard"Angrenost, The Iron Fortres"'"
[lothlorien] 	Received msg from Host ID #9 "b'\x00\x00\x00\x00\t\x00\x00\x00\x06\x08\x00\x1disengard"Angrenost, The Iron Fortres"'"
[isengard] 	Received msg from Host ID #6 "b'\x00\x00\x00\x00\x06\x00\x00\x00\x06\x06\x00%edoras"Home of the Golden Hall of Meduseld"'"
[lothlorien] 	Sending message to Host ID #2 "b'\x00\x00\x00\x00\t\x00\x00\x00\x04\x08\x00\x1disengard"Angrenost, The Iron Fortres"'"
[isengard] 	Received msg from Host ID #4 "b'\x00\x00\x00\x00\x04\x00\x00\x00\x06\n\x00\x11lothlorien"The Golden Wood"'"
[lothlorien] 	Sending message to Host ID #7 "b'\x00\x00\x00\x00\t\x00\x00\x00\x04\x08\x00\x1disengard"Angrenost, The Iron Fortres"'"
[isengard] 	Received msg from Host ID #2 "b'\x00\x00\x00\x00\x02\x00\x00\x00\x06\t\x00\x0frivendale"Elronds House"'"
[rivendale] 	Received msg from Host ID #9 "b'\x00\x00\x00\x00\t\x00\x00\x00\x04\x08\x00\x1disengard"Angrenost, The Iron Fortres"'"
[minastirith] 	Received msg from Host ID #9 "b'\x00\x00\x00\x00\t\x00\x00\x00\x04\x08\x00\x1disengard"Angrenost, The Iron Fortres"'"
[isengard] 	Received msg from Host ID #1 "b'\x00\x00\x00\x00\x01\x00\x00\x00\x06\x08\x00\x15theshire"Home of the Hobbits"'"
[rivendale] 	Sending message to Host ID #1 "b'\x00\x00\x00\x00\t\x00\x00\x00\x02\x08\x00\x1disengard"Angrenost, The Iron Fortres"'"
[isengard] 	Received msg from Host ID #101 "b'\x80\x00\x00\x00e\x00\x00\x00\x06\x0c\x00\x0bfrodobaggins"Test info"'"
[rivendale] 	Sending message to Host ID #5 "b'\x00\x00\x00\x00\t\x00\x00\x00\x02\x08\x00\x1disengard"Angrenost, The Iron Fortres"'"
[isengard] 	Received msg from Host ID #3 "b'\x00\x00\x00\x00\x03\x00\x00\x00\x06\x0b\x00\x1cgrey_havens"Gates to the Blessed Realm"'"
[rivendale] 	Sending message to Host ID #8 "b'\x00\x00\x00\x00\t\x00\x00\x00\x02\x08\x00\x1disengard"Angrenost, The Iron Fortres"'"
[isengard] 	Received msg from Host ID #103 "b'\x80\x00\x00\x00g\x00\x00\x00\x06\x06\x00\x0belrond"Test info"'"
[theshire] 	Received msg from Host ID #9 "b'\x00\x00\x00\x00\t\x00\x00\x00\x02\x08\x00\x1disengard"Angrenost, The Iron Fortres"'"
[moria] 	Received msg from Host ID #9 "b'\x00\x00\x00\x00\t\x00\x00\x00\x02\x08\x00\x1disengard"Angrenost, The Iron Fortres"'"
[mirkwood] 	Received msg from Host ID #9 "b'\x00\x00\x00\x00\t\x00\x00\x00\x02\x08\x00\x1disengard"Angrenost, The Iron Fortres"'"
[isengard] 	Received msg from Host ID #104 "b'\x80\x00\x00\x00h\x00\x00\x00\x06\x0c\x00\x0bbilbobaggins"Test info"'"
[theshire] 	Sending message to Host ID #3 "b'\x00\x00\x00\x00\t\x00\x00\x00\x01\x08\x00\x1disengard"Angrenost, The Iron Fortres"'"
[isengard] 	Received msg from Host ID #5 "b'\x00\x00\x00\x00\x05\x00\x00\x00\x06\x05\x00\x0fmoria"The Black Pit"'"
[grey_havens] 	Received msg from Host ID #9 "b'\x00\x00\x00\x00\t\x00\x00\x00\x01\x08\x00\x1disengard"Angrenost, The Iron Fortres"'"
[isengard] 	Received msg from Host ID #7 "b'\x00\x00\x00\x00\x07\x00\x00\x00\x06\x0b\x00\x10minastirith"Tower of Guard"'"
[isengard] 	Received msg from Host ID #105 "b'\x80\x00\x00\x00i\x00\x00\x00\x06\x08\x00\x0bperegrin"Test info"'"
[isengard] 	Received msg from Host ID #8 "b'\x00\x00\x00\x00\x08\x00\x00\x00\x06\x08\x00\x15mirkwood"Wood of Greenleaves"'"
[isengard] 	Received msg from Host ID #106 "b'\x80\x00\x00\x00j\x00\x00\x00\x06\x08\x00\x0bmeriadoc"Test info"'"
*CMD.........	Starting --id 10 --servername osgiliath --port 36310 --info "Citadel of the Stars" --log-file osgiliath.log --connect_to_host minastirith --connect_to_port 36307
[osgiliath] 	Launching server osgiliath...
*CMD.........	Waiting... 1.0
[osgiliath] 	[SERVER] Configuring the server socket...
[osgiliath] 	[SERVER] Connecting to remote server minastirith:36307...
[osgiliath] 	Listening for new connections on port 36310
[minastirith] 	Received msg from Host ID #10 "b'\x00\x00\x00\x00\n\x00\x00\x00\x00\t\x00\x16osgiliath"Citadel of the Stars"'"
[minastirith] 	Sending message to Host ID #4 "b'\x00\x00\x00\x00\n\x00\x00\x00\x07\t\x00\x16osgiliath"Citadel of the Stars"'"
[lothlorien] 	Received msg from Host ID #10 "b'\x00\x00\x00\x00\n\x00\x00\x00\x07\t\x00\x16osgiliath"Citadel of the Stars"'"
[osgiliath] 	Received msg from Host ID #7 "b'\x00\x00\x00\x00\x07\x00\x00\x00\x07\x0b\x00\x10minastirith"Tower of Guard"'"
[lothlorien] 	Sending message to Host ID #2 "b'\x00\x00\x00\x00\n\x00\x00\x00\x04\t\x00\x16osgiliath"Citadel of the Stars"'"
[osgiliath] 	Received msg from Host ID #4 "b'\x00\x00\x00\x00\x04\x00\x00\x00\x07\n\x00\x11lothlorien"The Golden Wood"'"
[lothlorien] 	Sending message to Host ID #6 "b'\x00\x00\x00\x00\n\x00\x00\x00\x04\t\x00\x16osgiliath"Citadel of the Stars"'"
[osgiliath] 	Received msg from Host ID #2 "b'\x00\x00\x00\x00\x02\x00\x00\x00\x07\t\x00\x0frivendale"Elronds House"'"
[edoras] 	Received msg from Host ID #10 "b'\x00\x00\x00\x00\n\x00\x00\x00\x04\t\x00\x16osgiliath"Citadel of the Stars"'"
[rivendale] 	Received msg from Host ID #10 "b'\x00\x00\x00\x00\n\x00\x00\x00\x04\t\x00\x16osgiliath"Citadel of the Stars"'"
[osgiliath] 	Received msg from Host ID #1 "b'\x00\x00\x00\x00\x01\x00\x00\x00\x07\x08\x00\x15theshire"Home of the Hobbits"'"
[edoras] 	Sending message to Host ID #9 "b'\x00\x00\x00\x00\n\x00\x00\x00\x06\t\x00\x16osgiliath"Citadel of the Stars"'"
[rivendale] 	Sending message to Host ID #1 "b'\x00\x00\x00\x00\n\x00\x00\x00\x02\t\x00\x16osgiliath"Citadel of the Stars"'"
[osgiliath] 	Received msg from Host ID #101 "b'\x80\x00\x00\x00e\x00\x00\x00\x07\x0c\x00\x0bfrodobaggins"Test info"'"
[isengard] 	Received msg from Host ID #10 "b'\x00\x00\x00\x00\n\x00\x00\x00\x06\t\x00\x16osgiliath"Citadel of the Stars"'"
[rivendale] 	Sending message to Host ID #5 "b'\x00\x00\x00\x00\n\x00\x00\x00\x02\t\x00\x16osgiliath"Citadel of the Stars"'"
[osgiliath] 	Received msg from Host ID #3 "b'\x00\x00\x00\x00\x03\x00\x00\x00\x07\x0b\x00\x1cgrey_havens"Gates to the Blessed Realm"'"
[rivendale] 	Sending message to Host ID #8 "b'\x00\x00\x00\x00\n\x00\x00\x00\x02\t\x00\x16osgiliath"Citadel of the Stars"'"
[osgiliath] 	Received msg from Host ID #103 "b'\x80\x00\x00\x00g\x00\x00\x00\x07\x06\x00\x0belrond"Test info"'"
[theshire] 	Received msg from Host ID #10 "b'\x00\x00\x00\x00\n\x00\x00\x00\x02\t\x00\x16osgiliath"Citadel of the Stars"'"
[moria] 	Received msg from Host ID #10 "b'\x00\x00\x00\x00\n\x00\x00\x00\x02\t\x00\x16osgiliath"Citadel of the Stars"'"
[mirkwood] 	Received msg from Host ID #10 "b'\x00\x00\x00\x00\n\x00\x00\x00\x02\t\x00\x16osgiliath"Citadel of the Stars"'"
[osgiliath] 	Received msg from Host ID #104 "b'\x80\x00\x00\x00h\x00\x00\x00\x07\x0c\x00\x0bbilbobaggins"Test info"'"
[theshire] 	Sending message to Host ID #3 "b'\x00\x00\x00\x00\n\x00\x00\x00\x01\t\x00\x16osgiliath"Citadel of the Stars"'"
[osgiliath] 	Received msg from Host ID #5 "b'\x00\x00\x00\x00\x05\x00\x00\x00\x07\x05\x00\x0fmoria"The Black Pit"'"
[grey_havens] 	Received msg from Host ID #10 "b'\x00\x00\x00\x00\n\x00\x00\x00\x01\t\x00\x16osgiliath"Citadel of the Stars"'"
[osgiliath] 	Received msg from Host ID #6 "b'\x00\x00\x00\x00\x06\x00\x00\x00\x07\x06\x00%edoras"Home of the Golden Hall of Meduseld"'"
[osgiliath] 	Received msg from Host ID #105 "b'\x80\x00\x00\x00i\x00\x00\x00\x07\x08\x00\x0bperegrin"Test info"'"
[osgiliath] 	Received msg from Host ID #8 "b'\x00\x00\x00\x00\x08\x00\x00\x00\x07\x08\x00\x15mirkwood"Wood of Greenleaves"'"
[osgiliath] 	Received msg from Host ID #106 "b'\x80\x00\x00\x00j\x00\x00\x00\x07\x08\x00\x0bmeriadoc"Test info"'"
[osgiliath] 	Received msg from Host ID #9 "b'\x00\x00\x00\x00\t\x00\x00\x00\x07\x08\x00\x1disengard"Angrenost, The Iron Fortres"'"
*CMD.........	Starting --id 11 --servername barad-dur --port 36311 --info "The Dark Tower" --log-file barad-dur.log --connect_to_host minastirith --connect_to_port 36307
[barad-dur] 	Launching server barad-dur...
*CMD.........	Waiting... 1.0
[barad-dur] 	[SERVER] Configuring the server socket...
[barad-dur] 	[SERVER] Connecting to remote server minastirith:36307...
[barad-dur] 	Listening for new connections on port 36311
[minastirith] 	Received msg from Host ID #11 "b'\x00\x00\x00\x00\x0b\x00\x00\x00\x00\t\x00\x10barad-dur"The Dark Tower"'"
[minastirith] 	Sending message to Host ID #4 "b'\x00\x00\x00\x00\x0b\x00\x00\x00\x07\t\x00\x10barad-dur"The Dark Tower"'"
[minastirith] 	Sending message to Host ID #10 "b'\x00\x00\x00\x00\x0b\x00\x00\x00\x07\t\x00\x10barad-dur"The Dark Tower"'"
[lothlorien] 	Received msg from Host ID #11 "b'\x00\x00\x00\x00\x0b\x00\x00\x00\x07\t\x00\x10barad-dur"The Dark Tower"'"
[osgiliath] 	Received msg from Host ID #11 "b'\x00\x00\x00\x00\x0b\x00\x00\x00\x07\t\x00\x10barad-dur"The Dark Tower"'"
[barad-dur] 	Received msg from Host ID #7 "b'\x00\x00\x00\x00\x07\x00\x00\x00\x07\x0b\x00\x10minastirith"Tower of Guard"'"
[lothlorien] 	Sending message to Host ID #2 "b'\x00\x00\x00\x00\x0b\x00\x00\x00\x04\t\x00\x10barad-dur"The Dark Tower"'"
[barad-dur] 	Received msg from Host ID #4 "b'\x00\x00\x00\x00\x04\x00\x00\x00\x07\n\x00\x11lothlorien"The Golden Wood"'"
[lothlorien] 	Sending message to Host ID #6 "b'\x00\x00\x00\x00\x0b\x00\x00\x00\x04\t\x00\x10barad-dur"The Dark Tower"'"
[barad-dur] 	Received msg from Host ID #2 "b'\x00\x00\x00\x00\x02\x00\x00\x00\x07\t\x00\x0frivendale"Elronds House"'"
[rivendale] 	Received msg from Host ID #11 "b'\x00\x00\x00\x00\x0b\x00\x00\x00\x04\t\x00\x10barad-dur"The Dark Tower"'"
[edoras] 	Received msg from Host ID #11 "b'\x00\x00\x00\x00\x0b\x00\x00\x00\x04\t\x00\x10barad-dur"The Dark Tower"'"
[barad-dur] 	Received msg from Host ID #1 "b'\x00\x00\x00\x00\x01\x00\x00\x00\x07\x08\x00\x15theshire"Home of the Hobbits"'"
[rivendale] 	Sending message to Host ID #1 "b'\x00\x00\x00\x00\x0b\x00\x00\x00\x02\t\x00\x10barad-dur"The Dark Tower"'"
[edoras] 	Sending message to Host ID #9 "b'\x00\x00\x00\x00\x0b\x00\x00\x00\x06\t\x00\x10barad-dur"The Dark Tower"'"
[barad-dur] 	Received msg from Host ID #101 "b'\x80\x00\x00\x00e\x00\x00\x00\x07\x0c\x00\x0bfrodobaggins"Test info"'"
[rivendale] 	Sending message to Host ID #5 "b'\x00\x00\x00\x00\x0b\x00\x00\x00\x02\t\x00\x10barad-dur"The Dark Tower"'"
[isengard] 	Received msg from Host ID #11 "b'\x00\x00\x00\x00\x0b\x00\x00\x00\x06\t\x00\x10barad-dur"The Dark Tower"'"
[barad-dur] 	Received msg from Host ID #3 "b'\x00\x00\x00\x00\x03\x00\x00\x00\x07\x0b\x00\x1cgrey_havens"Gates to the Blessed Realm"'"
[rivendale] 	Sending message to Host ID #8 "b'\x00\x00\x00\x00\x0b\x00\x00\x00\x02\t\x00\x10barad-dur"The Dark Tower"'"
[barad-dur] 	Received msg from Host ID #103 "b'\x80\x00\x00\x00g\x00\x00\x00\x07\x06\x00\x0belrond"Test info"'"
[theshire] 	Received msg from Host ID #11 "b'\x00\x00\x00\x00\x0b\x00\x00\x00\x02\t\x00\x10barad-dur"The Dark Tower"'"
[moria] 	Received msg from Host ID #11 "b'\x00\x00\x00\x00\x0b\x00\x00\x00\x02\t\x00\x10barad-dur"The Dark Tower"'"
[mirkwood] 	Received msg from Host ID #11 "b'\x00\x00\x00\x00\x0b\x00\x00\x00\x02\t\x00\x10barad-dur"The Dark Tower"'"
[barad-dur] 	Received msg from Host ID #104 "b'\x80\x00\x00\x00h\x00\x00\x00\x07\x0c\x00\x0bbilbobaggins"Test info"'"
[theshire] 	Sending message to Host ID #3 "b'\x00\x00\x00\x00\x0b\x00\x00\x00\x01\t\x00\x10barad-dur"The Dark Tower"'"
[barad-dur] 	Received msg from Host ID #5 "b'\x00\x00\x00\x00\x05\x00\x00\x00\x07\x05\x00\x0fmoria"The Black Pit"'"
[grey_havens] 	Received msg from Host ID #11 "b'\x00\x00\x00\x00\x0b\x00\x00\x00\x01\t\x00\x10barad-dur"The Dark Tower"'"
[barad-dur] 	Received msg from Host ID #6 "b'\x00\x00\x00\x00\x06\x00\x00\x00\x07\x06\x00%edoras"Home of the Golden Hall of Meduseld"'"
[barad-dur] 	Received msg from Host ID #105 "b'\x80\x00\x00\x00i\x00\x00\x00\x07\x08\x00\x0bperegrin"Test info"'"
[barad-dur] 	Received msg from Host ID #8 "b'\x00\x00\x00\x00\x08\x00\x00\x00\x07\x08\x00\x15mirkwood"Wood of Greenleaves"'"
[barad-dur] 	Received msg from Host ID #106 "b'\x80\x00\x00\x00j\x00\x00\x00\x07\x08\x00\x0bmeriadoc"Test info"'"
[barad-dur] 	Received msg from Host ID #9 "b'\x00\x00\x00\x00\t\x00\x00\x00\x07\x08\x00\x1disengard"Angrenost, The Iron Fortres"'"
[barad-dur] 	Received msg from Host ID #10 "b'\x00\x00\x00\x00\n\x00\x00\x00\x07\t\x00\x16osgiliath"Citadel of the Stars"'"
*CMD.........	Starting --id 107 --serverhost moria --serverport 36305 --username balin --info "Test info" --log-file balin.log
[balin] 	Launching client balin...
*CMD.........	Waiting... 1.0
[balin] 	Sending message to b'\x80\x00\x00\x00k\x00\x00\x00\x00\x05\x00\x0bbalin"Test info"'
[moria] 	Received msg from Host ID #107 "b'\x80\x00\x00\x00k\x00\x00\x00\x00\x05\x00\x0bbalin"Test info"'"
[moria] 	Sending message to Host ID #2 "b'\x80\x00\x00\x00k\x00\x00\x00\x05\x05\x00\x0bbalin"Test info"'"
[moria] 	Sending message to Host ID #107 "b'\x01\x00\x00\x00\x05\x00\x00\x00k\x00\x00\x00\x00\x00/Welcome to the Clemson Relay Chat network balin'"
[rivendale] 	Received msg from Host ID #107 "b'\x80\x00\x00\x00k\x00\x00\x00\x05\x05\x00\x0bbalin"Test info"'"
[balin] 	Received message from Host ID #101 "b'\x80\x00\x00\x00e\x00\x00\x00\x05\x0c\x00\x0bfrodobaggins"Test info"'"
[rivendale] 	Sending message to Host ID #1 "b'\x80\x00\x00\x00k\x00\x00\x00\x02\x05\x00\x0bbalin"Test info"'"
[balin] 	Received message from Host ID #103 "b'\x80\x00\x00\x00g\x00\x00\x00\x05\x06\x00\x0belrond"Test info"'"
[rivendale] 	Sending message to Host ID #4 "b'\x80\x00\x00\x00k\x00\x00\x00\x02\x05\x00\x0bbalin"Test info"'"
[balin] 	Received message from Host ID #104 "b'\x80\x00\x00\x00h\x00\x00\x00\x05\x0c\x00\x0bbilbobaggins"Test info"'"
[rivendale] 	Sending message to Host ID #8 "b'\x80\x00\x00\x00k\x00\x00\x00\x02\x05\x00\x0bbalin"Test info"'"
[balin] 	Received message from Host ID #105 "b'\x80\x00\x00\x00i\x00\x00\x00\x05\x08\x00\x0bperegrin"Test info"'"
[rivendale] 	Sending message to Host ID #103 "b'\x80\x00\x00\x00k\x00\x00\x00\x02\x05\x00\x0bbalin"Test info"'"
[balin] 	Received message from Host ID #106 "b'\x80\x00\x00\x00j\x00\x00\x00\x05\x08\x00\x0bmeriadoc"Test info"'"
[elrond] 	Received message from Host ID #107 "b'\x80\x00\x00\x00k\x00\x00\x00\x02\x05\x00\x0bbalin"Test info"'"
[mirkwood] 	Received msg from Host ID #107 "b'\x80\x00\x00\x00k\x00\x00\x00\x02\x05\x00\x0bbalin"Test info"'"
[balin] 	Received message from Host ID #5 "b'\x01\x00\x00\x00\x05\x00\x00\x00k\x00\x00\x00\x00\x00/Welcome to the Clemson Relay Chat network balin'"
[theshire] 	Received msg from Host ID #107 "b'\x80\x00\x00\x00k\x00\x00\x00\x02\x05\x00\x0bbalin"Test info"'"
[lothlorien] 	Received msg from Host ID #107 "b'\x80\x00\x00\x00k\x00\x00\x00\x02\x05\x00\x0bbalin"Test info"'"
[lothlorien] 	Sending message to Host ID #6 "b'\x80\x00\x00\x00k\x00\x00\x00\x04\x05\x00\x0bbalin"Test info"'"
[theshire] 	Sending message to Host ID #3 "b'\x80\x00\x00\x00k\x00\x00\x00\x01\x05\x00\x0bbalin"Test info"'"
[lothlorien] 	Sending message to Host ID #7 "b'\x80\x00\x00\x00k\x00\x00\x00\x04\x05\x00\x0bbalin"Test info"'"
[theshire] 	Sending message to Host ID #101 "b'\x80\x00\x00\x00k\x00\x00\x00\x01\x05\x00\x0bbalin"Test info"'"
[edoras] 	Received msg from Host ID #107 "b'\x80\x00\x00\x00k\x00\x00\x00\x04\x05\x00\x0bbalin"Test info"'"
[minastirith] 	Received msg from Host ID #107 "b'\x80\x00\x00\x00k\x00\x00\x00\x04\x05\x00\x0bbalin"Test info"'"
[frodobaggins] 	Received message from Host ID #107 "b'\x80\x00\x00\x00k\x00\x00\x00\x01\x05\x00\x0bbalin"Test info"'"
[grey_havens] 	Received msg from Host ID #107 "b'\x80\x00\x00\x00k\x00\x00\x00\x01\x05\x00\x0bbalin"Test info"'"
[edoras] 	Sending message to Host ID #9 "b'\x80\x00\x00\x00k\x00\x00\x00\x06\x05\x00\x0bbalin"Test info"'"
[minastirith] 	Sending message to Host ID #10 "b'\x80\x00\x00\x00k\x00\x00\x00\x07\x05\x00\x0bbalin"Test info"'"
[grey_havens] 	Sending message to Host ID #104 "b'\x80\x00\x00\x00k\x00\x00\x00\x03\x05\x00\x0bbalin"Test info"'"
[edoras] 	Sending message to Host ID #106 "b'\x80\x00\x00\x00k\x00\x00\x00\x06\x05\x00\x0bbalin"Test info"'"
[minastirith] 	Sending message to Host ID #11 "b'\x80\x00\x00\x00k\x00\x00\x00\x07\x05\x00\x0bbalin"Test info"'"
[bilbobaggins] 	Received message from Host ID #107 "b'\x80\x00\x00\x00k\x00\x00\x00\x03\x05\x00\x0bbalin"Test info"'"
[meriadoc] 	Received message from Host ID #107 "b'\x80\x00\x00\x00k\x00\x00\x00\x06\x05\x00\x0bbalin"Test info"'"
[isengard] 	Received msg from Host ID #107 "b'\x80\x00\x00\x00k\x00\x00\x00\x06\x05\x00\x0bbalin"Test info"'"
[minastirith] 	Sending message to Host ID #105 "b'\x80\x00\x00\x00k\x00\x00\x00\x07\x05\x00\x0bbalin"Test info"'"
[peregrin] 	Received message from Host ID #107 "b'\x80\x00\x00\x00k\x00\x00\x00\x07\x05\x00\x0bbalin"Test info"'"
[osgiliath] 	Received msg from Host ID #107 "b'\x80\x00\x00\x00k\x00\x00\x00\x07\x05\x00\x0bbalin"Test info"'"
[barad-dur] 	Received msg from Host ID #107 "b'\x80\x00\x00\x00k\x00\x00\x00\x07\x05\x00\x0bbalin"Test info"'"
*CMD.........	Starting --id 108 --serverhost barad-dur --serverport 36311 --username sauron --info "Test info" --log-file sauron.log
[sauron] 	Launching client sauron...
*CMD.........	Waiting... 2.0
[sauron] 	Sending message to b'\x80\x00\x00\x00l\x00\x00\x00\x00\x06\x00\x0bsauron"Test info"'
[barad-dur] 	Received msg from Host ID #108 "b'\x80\x00\x00\x00l\x00\x00\x00\x00\x06\x00\x0bsauron"Test info"'"
[barad-dur] 	Sending message to Host ID #7 "b'\x80\x00\x00\x00l\x00\x00\x00\x0b\x06\x00\x0bsauron"Test info"'"
[barad-dur] 	Sending message to Host ID #108 "b'\x01\x00\x00\x00\x0b\x00\x00\x00l\x00\x00\x00\x00\x000Welcome to the Clemson Relay Chat network sauron'"
[sauron] 	Received message from Host ID #101 "b'\x80\x00\x00\x00e\x00\x00\x00\x0b\x0c\x00\x0bfrodobaggins"Test info"'"
[minastirith] 	Received msg from Host ID #108 "b'\x80\x00\x00\x00l\x00\x00\x00\x0b\x06\x00\x0bsauron"Test info"'"
[sauron] 	Received message from Host ID #103 "b'\x80\x00\x00\x00g\x00\x00\x00\x0b\x06\x00\x0belrond"Test info"'"
[minastirith] 	Sending message to Host ID #4 "b'\x80\x00\x00\x00l\x00\x00\x00\x07\x06\x00\x0bsauron"Test info"'"
[sauron] 	Received message from Host ID #104 "b'\x80\x00\x00\x00h\x00\x00\x00\x0b\x0c\x00\x0bbilbobaggins"Test info"'"
[minastirith] 	Sending message to Host ID #10 "b'\x80\x00\x00\x00l\x00\x00\x00\x07\x06\x00\x0bsauron"Test info"'"
[sauron] 	Received message from Host ID #105 "b'\x80\x00\x00\x00i\x00\x00\x00\x0b\x08\x00\x0bperegrin"Test info"'"
[minastirith] 	Sending message to Host ID #105 "b'\x80\x00\x00\x00l\x00\x00\x00\x07\x06\x00\x0bsauron"Test info"'"
[sauron] 	Received message from Host ID #106 "b'\x80\x00\x00\x00j\x00\x00\x00\x0b\x08\x00\x0bmeriadoc"Test info"'"
[peregrin] 	Received message from Host ID #108 "b'\x80\x00\x00\x00l\x00\x00\x00\x07\x06\x00\x0bsauron"Test info"'"
[osgiliath] 	Received msg from Host ID #108 "b'\x80\x00\x00\x00l\x00\x00\x00\x07\x06\x00\x0bsauron"Test info"'"
[lothlorien] 	Received msg from Host ID #108 "b'\x80\x00\x00\x00l\x00\x00\x00\x07\x06\x00\x0bsauron"Test info"'"
[sauron] 	Received message from Host ID #107 "b'\x80\x00\x00\x00k\x00\x00\x00\x0b\x05\x00\x0bbalin"Test info"'"
[lothlorien] 	Sending message to Host ID #2 "b'\x80\x00\x00\x00l\x00\x00\x00\x04\x06\x00\x0bsauron"Test info"'"
[sauron] 	Received message from Host ID #11 "b'\x01\x00\x00\x00\x0b\x00\x00\x00l\x00\x00\x00\x00\x000Welcome to the Clemson Relay Chat network sauron'"
[lothlorien] 	Sending message to Host ID #6 "b'\x80\x00\x00\x00l\x00\x00\x00\x04\x06\x00\x0bsauron"Test info"'"
[rivendale] 	Received msg from Host ID #108 "b'\x80\x00\x00\x00l\x00\x00\x00\x04\x06\x00\x0bsauron"Test info"'"
[edoras] 	Received msg from Host ID #108 "b'\x80\x00\x00\x00l\x00\x00\x00\x04\x06\x00\x0bsauron"Test info"'"
[rivendale] 	Sending message to Host ID #1 "b'\x80\x00\x00\x00l\x00\x00\x00\x02\x06\x00\x0bsauron"Test info"'"
[edoras] 	Sending message to Host ID #9 "b'\x80\x00\x00\x00l\x00\x00\x00\x06\x06\x00\x0bsauron"Test info"'"
[rivendale] 	Sending message to Host ID #5 "b'\x80\x00\x00\x00l\x00\x00\x00\x02\x06\x00\x0bsauron"Test info"'"
[edoras] 	Sending message to Host ID #106 "b'\x80\x00\x00\x00l\x00\x00\x00\x06\x06\x00\x0bsauron"Test info"'"
[rivendale] 	Sending message to Host ID #8 "b'\x80\x00\x00\x00l\x00\x00\x00\x02\x06\x00\x0bsauron"Test info"'"
[meriadoc] 	Received message from Host ID #108 "b'\x80\x00\x00\x00l\x00\x00\x00\x06\x06\x00\x0bsauron"Test info"'"
[isengard] 	Received msg from Host ID #108 "b'\x80\x00\x00\x00l\x00\x00\x00\x06\x06\x00\x0bsauron"Test info"'"
[rivendale] 	Sending message to Host ID #103 "b'\x80\x00\x00\x00l\x00\x00\x00\x02\x06\x00\x0bsauron"Test info"'"
[moria] 	Received msg from Host ID #108 "b'\x80\x00\x00\x00l\x00\x00\x00\x02\x06\x00\x0bsauron"Test info"'"
[theshire] 	Received msg from Host ID #108 "b'\x80\x00\x00\x00l\x00\x00\x00\x02\x06\x00\x0bsauron"Test info"'"
[elrond] 	Received message from Host ID #108 "b'\x80\x00\x00\x00l\x00\x00\x00\x02\x06\x00\x0bsauron"Test info"'"
[mirkwood] 	Received msg from Host ID #108 "b'\x80\x00\x00\x00l\x00\x00\x00\x02\x06\x00\x0bsauron"Test info"'"
[moria] 	Sending message to Host ID #107 "b'\x80\x00\x00\x00l\x00\x00\x00\x05\x06\x00\x0bsauron"Test info"'"
[theshire] 	Sending message to Host ID #3 "b'\x80\x00\x00\x00l\x00\x00\x00\x01\x06\x00\x0bsauron"Test info"'"
[balin] 	Received message from Host ID #108 "b'\x80\x00\x00\x00l\x00\x00\x00\x05\x06\x00\x0bsauron"Test info"'"
[theshire] 	Sending message to Host ID #101 "b'\x80\x00\x00\x00l\x00\x00\x00\x01\x06\x00\x0bsauron"Test info"'"
[frodobaggins] 	Received message from Host ID #108 "b'\x80\x00\x00\x00l\x00\x00\x00\x01\x06\x00\x0bsauron"Test info"'"
[grey_havens] 	Received msg from Host ID #108 "b'\x80\x00\x00\x00l\x00\x00\x00\x01\x06\x00\x0bsauron"Test info"'"
[grey_havens] 	Sending message to Host ID #104 "b'\x80\x00\x00\x00l\x00\x00\x00\x03\x06\x00\x0bsauron"Test info"'"
[bilbobaggins] 	Received message from Host ID #108 "b'\x80\x00\x00\x00l\x00\x00\x00\x03\x06\x00\x0bsauron"Test info"'"
*CMD.........	Running client command: --username peregrin --command MESSAGE 108 "Quit looking at me, its creepy"
[peregrin] 	Sending message to b'\x81\x00\x00\x00i\x00\x00\x00l\x00\x00\x00 "Quit looking at me, its creepy"'
*CMD.........	Waiting... 1.0
[minastirith] 	Received msg from Host ID #105 "b'\x81\x00\x00\x00i\x00\x00\x00l\x00\x00\x00 "Quit looking at me, its creepy"'"
[minastirith] 	Sending message to Host ID #108 "b'\x81\x00\x00\x00i\x00\x00\x00l\x00\x00\x00 "Quit looking at me, its creepy"'"
[barad-dur] 	Received msg from Host ID #105 "b'\x81\x00\x00\x00i\x00\x00\x00l\x00\x00\x00 "Quit looking at me, its creepy"'"
[barad-dur] 	Sending message to Host ID #108 "b'\x81\x00\x00\x00i\x00\x00\x00l\x00\x00\x00 "Quit looking at me, its creepy"'"
[sauron] 	Received message from Host ID #105 "b'\x81\x00\x00\x00i\x00\x00\x00l\x00\x00\x00 "Quit looking at me, its creepy"'"
*CMD.........	Running client command: --username sauron --command QUIT "Tower collapsing, brb"
[sauron] 	Sending message to b'\x82\x00\x00\x00l\x00\x00\x00\x17"Tower collapsing, brb"'
*CMD.........	Waiting... 1.0
[barad-dur] 	Received msg from Host ID #108 "b'\x82\x00\x00\x00l\x00\x00\x00\x17"Tower collapsing, brb"'"
[barad-dur] 	Sending message to Host ID #7 "b'\x82\x00\x00\x00l\x00\x00\x00\x17"Tower collapsing, brb"'"
[minastirith] 	Received msg from Host ID #108 "b'\x82\x00\x00\x00l\x00\x00\x00\x17"Tower collapsing, brb"'"
[minastirith] 	Sending message to Host ID #4 "b'\x82\x00\x00\x00l\x00\x00\x00\x17"Tower collapsing, brb"'"
[minastirith] 	Sending message to Host ID #10 "b'\x82\x00\x00\x00l\x00\x00\x00\x17"Tower collapsing, brb"'"
[minastirith] 	Sending message to Host ID #11 "b'\x82\x00\x00\x00l\x00\x00\x00\x17"Tower collapsing, brb"'"
[minastirith] 	Sending message to Host ID #105 "b'\x82\x00\x00\x00l\x00\x00\x00\x17"Tower collapsing, brb"'"
[peregrin] 	Received message from Host ID #108 "b'\x82\x00\x00\x00l\x00\x00\x00\x17"Tower collapsing, brb"'"
[lothlorien] 	Received msg from Host ID #108 "b'\x82\x00\x00\x00l\x00\x00\x00\x17"Tower collapsing, brb"'"
[barad-dur] 	Received msg from Host ID #108 "b'\x82\x00\x00\x00l\x00\x00\x00\x17"Tower collapsing, brb"'"
[osgiliath] 	Received msg from Host ID #108 "b'\x82\x00\x00\x00l\x00\x00\x00\x17"Tower collapsing, brb"'"
[lothlorien] 	Sending message to Host ID #2 "b'\x82\x00\x00\x00l\x00\x00\x00\x17"Tower collapsing, brb"'"
[barad-dur] 	Sending message to an unknown IO device "b'\x01\x00\x00\x00\x0b\x00\x00\x00l\x00\x01\x00\x00\x00\x0eUnknown ID 108'"
[osgiliath] 	Sending message to Host ID #7 "b'\x82\x00\x00\x00l\x00\x00\x00\x17"Tower collapsing, brb"'"
[lothlorien] 	Sending message to Host ID #6 "b'\x82\x00\x00\x00l\x00\x00\x00\x17"Tower collapsing, brb"'"
[minastirith] 	Received msg from Host ID #11 "b'\x01\x00\x00\x00\x0b\x00\x00\x00l\x00\x01\x00\x00\x00\x0eUnknown ID 108'"
[lothlorien] 	Sending message to Host ID #7 "b'\x82\x00\x00\x00l\x00\x00\x00\x17"Tower collapsing, brb"'"
[minastirith] 	Received msg from Host ID #108 "b'\x82\x00\x00\x00l\x00\x00\x00\x17"Tower collapsing, brb"'"
[rivendale] 	Received msg from Host ID #108 "b'\x82\x00\x00\x00l\x00\x00\x00\x17"Tower collapsing, brb"'"
[edoras] 	Received msg from Host ID #108 "b'\x82\x00\x00\x00l\x00\x00\x00\x17"Tower collapsing, brb"'"
[minastirith] 	Sending message to an unknown IO device "b'\x01\x00\x00\x00\x07\x00\x00\x00l\x00\x01\x00\x00\x00\x0eUnknown ID 108'"
[rivendale] 	Sending message to Host ID #1 "b'\x82\x00\x00\x00l\x00\x00\x00\x17"Tower collapsing, brb"'"
[edoras] 	Sending message to Host ID #4 "b'\x82\x00\x00\x00l\x00\x00\x00\x17"Tower collapsing, brb"'"
[minastirith] 	Received msg from Host ID #108 "b'\x82\x00\x00\x00l\x00\x00\x00\x17"Tower collapsing, brb"'"
[osgiliath] 	Received msg from Host ID #7 "b'\x01\x00\x00\x00\x07\x00\x00\x00l\x00\x01\x00\x00\x00\x0eUnknown ID 108'"
[rivendale] 	Sending message to Host ID #4 "b'\x82\x00\x00\x00l\x00\x00\x00\x17"Tower collapsing, brb"'"
[edoras] 	Sending message to Host ID #9 "b'\x82\x00\x00\x00l\x00\x00\x00\x17"Tower collapsing, brb"'"
[minastirith] 	Sending message to an unknown IO device "b'\x01\x00\x00\x00\x07\x00\x00\x00l\x00\x01\x00\x00\x00\x0eUnknown ID 108'"
[rivendale] 	Sending message to Host ID #5 "b'\x82\x00\x00\x00l\x00\x00\x00\x17"Tower collapsing, brb"'"
[edoras] 	Sending message to Host ID #106 "b'\x82\x00\x00\x00l\x00\x00\x00\x17"Tower collapsing, brb"'"
[lothlorien] 	Received msg from Host ID #7 "b'\x01\x00\x00\x00\x07\x00\x00\x00l\x00\x01\x00\x00\x00\x0eUnknown ID 108'"
[rivendale] 	Sending message to Host ID #8 "b'\x82\x00\x00\x00l\x00\x00\x00\x17"Tower collapsing, brb"'"
[meriadoc] 	Received message from Host ID #108 "b'\x82\x00\x00\x00l\x00\x00\x00\x17"Tower collapsing, brb"'"
[isengard] 	Received msg from Host ID #108 "b'\x82\x00\x00\x00l\x00\x00\x00\x17"Tower collapsing, brb"'"
[lothlorien] 	Received msg from Host ID #108 "b'\x82\x00\x00\x00l\x00\x00\x00\x17"Tower collapsing, brb"'"
[rivendale] 	Sending message to Host ID #103 "b'\x82\x00\x00\x00l\x00\x00\x00\x17"Tower collapsing, brb"'"
[isengard] 	Sending message to Host ID #6 "b'\x82\x00\x00\x00l\x00\x00\x00\x17"Tower collapsing, brb"'"
[lothlorien] 	Sending message to an unknown IO device "b'\x01\x00\x00\x00\x04\x00\x00\x00l\x00\x01\x00\x00\x00\x0eUnknown ID 108'"
[theshire] 	Received msg from Host ID #108 "b'\x82\x00\x00\x00l\x00\x00\x00\x17"Tower collapsing, brb"'"
[elrond] 	Received message from Host ID #108 "b'\x82\x00\x00\x00l\x00\x00\x00\x17"Tower collapsing, brb"'"
[moria] 	Received msg from Host ID #108 "b'\x82\x00\x00\x00l\x00\x00\x00\x17"Tower collapsing, brb"'"
[mirkwood] 	Received msg from Host ID #108 "b'\x82\x00\x00\x00l\x00\x00\x00\x17"Tower collapsing, brb"'"
[edoras] 	Received msg from Host ID #108 "b'\x82\x00\x00\x00l\x00\x00\x00\x17"Tower collapsing, brb"'"
[lothlorien] 	Received msg from Host ID #108 "b'\x82\x00\x00\x00l\x00\x00\x00\x17"Tower collapsing, brb"'"
[theshire] 	Sending message to Host ID #2 "b'\x82\x00\x00\x00l\x00\x00\x00\x17"Tower collapsing, brb"'"
[moria] 	Sending message to Host ID #2 "b'\x82\x00\x00\x00l\x00\x00\x00\x17"Tower collapsing, brb"'"
[mirkwood] 	Sending message to Host ID #2 "b'\x82\x00\x00\x00l\x00\x00\x00\x17"Tower collapsing, brb"'"
[edoras] 	Sending message to an unknown IO device "b'\x01\x00\x00\x00\x06\x00\x00\x00l\x00\x01\x00\x00\x00\x0eUnknown ID 108'"
[lothlorien] 	Sending message to an unknown IO device "b'\x01\x00\x00\x00\x04\x00\x00\x00l\x00\x01\x00\x00\x00\x0eUnknown ID 108'"
[theshire] 	Sending message to Host ID #3 "b'\x82\x00\x00\x00l\x00\x00\x00\x17"Tower collapsing, brb"'"
[moria] 	Sending message to Host ID #107 "b'\x82\x00\x00\x00l\x00\x00\x00\x17"Tower collapsing, brb"'"
[rivendale] 	Received msg from Host ID #108 "b'\x82\x00\x00\x00l\x00\x00\x00\x17"Tower collapsing, brb"'"
[edoras] 	Received msg from Host ID #4 "b'\x01\x00\x00\x00\x04\x00\x00\x00l\x00\x01\x00\x00\x00\x0eUnknown ID 108'"
[isengard] 	Received msg from Host ID #6 "b'\x01\x00\x00\x00\x06\x00\x00\x00l\x00\x01\x00\x00\x00\x0eUnknown ID 108'"
[theshire] 	Sending message to Host ID #101 "b'\x82\x00\x00\x00l\x00\x00\x00\x17"Tower collapsing, brb"'"
[balin] 	Received message from Host ID #108 "b'\x82\x00\x00\x00l\x00\x00\x00\x17"Tower collapsing, brb"'"
[rivendale] 	Sending message to an unknown IO device "b'\x01\x00\x00\x00\x02\x00\x00\x00l\x00\x01\x00\x00\x00\x0eUnknown ID 108'"
[frodobaggins] 	Received message from Host ID #108 "b'\x82\x00\x00\x00l\x00\x00\x00\x17"Tower collapsing, brb"'"
[grey_havens] 	Received msg from Host ID #108 "b'\x82\x00\x00\x00l\x00\x00\x00\x17"Tower collapsing, brb"'"
[rivendale] 	Received msg from Host ID #4 "b'\x01\x00\x00\x00\x04\x00\x00\x00l\x00\x01\x00\x00\x00\x0eUnknown ID 108'"
[mirkwood] 	Received msg from Host ID #2 "b'\x01\x00\x00\x00\x02\x00\x00\x00l\x00\x01\x00\x00\x00\x0eUnknown ID 108'"
[grey_havens] 	Sending message to Host ID #1 "b'\x82\x00\x00\x00l\x00\x00\x00\x17"Tower collapsing, brb"'"
[rivendale] 	Received msg from Host ID #108 "b'\x82\x00\x00\x00l\x00\x00\x00\x17"Tower collapsing, brb"'"
[grey_havens] 	Sending message to Host ID #104 "b'\x82\x00\x00\x00l\x00\x00\x00\x17"Tower collapsing, brb"'"
[rivendale] 	Sending message to an unknown IO device "b'\x01\x00\x00\x00\x02\x00\x00\x00l\x00\x01\x00\x00\x00\x0eUnknown ID 108'"
[bilbobaggins] 	Received message from Host ID #108 "b'\x82\x00\x00\x00l\x00\x00\x00\x17"Tower collapsing, brb"'"
[theshire] 	Received msg from Host ID #108 "b'\x82\x00\x00\x00l\x00\x00\x00\x17"Tower collapsing, brb"'"
[rivendale] 	Received msg from Host ID #108 "b'\x82\x00\x00\x00l\x00\x00\x00\x17"Tower collapsing, brb"'"
[theshire] 	Sending message to an unknown IO device "b'\x01\x00\x00\x00\x01\x00\x00\x00l\x00\x01\x00\x00\x00\x0eUnknown ID 108'"
[rivendale] 	Sending message to an unknown IO device "b'\x01\x00\x00\x00\x02\x00\x00\x00l\x00\x01\x00\x00\x00\x0eUnknown ID 108'"
[grey_havens] 	Received msg from Host ID #1 "b'\x01\x00\x00\x00\x01\x00\x00\x00l\x00\x01\x00\x00\x00\x0eUnknown ID 108'"
[moria] 	Received msg from Host ID #2 "b'\x01\x00\x00\x00\x02\x00\x00\x00l\x00\x01\x00\x00\x00\x0eUnknown ID 108'"
[theshire] 	Received msg from Host ID #2 "b'\x01\x00\x00\x00\x02\x00\x00\x00l\x00\x01\x00\x00\x00\x0eUnknown ID 108'"
*CMD.........	Running client command: --username frodobaggins --command MESSAGE 108 "I dont think you are going to get that ring back..."
[frodobaggins] 	Sending message to b'\x81\x00\x00\x00e\x00\x00\x00l\x00\x00\x005"I dont think you are going to get that ring back..."'
*CMD.........	Waiting... 2.5
[theshire] 	Received msg from Host ID #101 "b'\x81\x00\x00\x00e\x00\x00\x00l\x00\x00\x005"I dont think you are going to get that ring back..."'"
[theshire] 	Sending message to an unknown IO device "b'\x01\x00\x00\x00\x01\x00\x00\x00l\x00\x01\x00\x00\x00\x0eUnknown ID 108'"
[frodobaggins] 	Received message from Host ID #1 "b'\x01\x00\x00\x00\x01\x00\x00\x00l\x00\x01\x00\x00\x00\x0eUnknown ID 108'"
[theshire] 	Cleaning up the server
[frodobaggins] 	Server has disconnected!
[samgamgee] 	Server has disconnected!
[rivendale] 	Cleaning up the server
[elrond] 	Server has disconnected!
[grey_havens] 	Cleaning up the server
[bilbobaggins] 	Server has disconnected!
[lothlorien] 	Cleaning up the server
[moria] 	Cleaning up the server
[balin] 	Server has disconnected!
[edoras] 	Cleaning up the server
[meriadoc] 	Server has disconnected!
[minastirith] 	Cleaning up the server
[peregrin] 	Server has disconnected!
[mirkwood] 	Cleaning up the server
[isengard] 	Cleaning up the server
[osgiliath] 	Cleaning up the server
[barad-dur] 	Cleaning up the server

Test passed:True
[sauron] 	Server has disconnected!
