2025-12-11 22:19:44,904 - IRCServer[88084] - INFO - Launching server theshire...
2025-12-11 22:19:44,905 - IRCServer[88084] - INFO - [SERVER] Configuring the server socket...
2025-12-11 22:19:44,905 - IRCServer[88084] - INFO - Listening for new connections on port 32201
2025-12-11 22:19:45,157 - IRCServer[88084] - INFO - Launching server rivendale...
2025-12-11 22:19:45,158 - IRCServer[88084] - INFO - [SERVER] Configuring the server socket...
2025-12-11 22:19:45,159 - IRCServer[88084] - INFO - [SERVER] Connecting to remote server theshire:32201...
2025-12-11 22:19:45,160 - IRCServer[88084] - INFO - Listening for new connections on port 32202
2025-12-11 22:19:45,164 - IRCServer[88084] - INFO - Received msg from Host ID #2 "b'\x00\x00\x00\x00\x02\x00\x00\x00\x00\t\x00\x0frivendale"Elronds House"'"
2025-12-11 22:19:45,165 - IRCServer[88084] - INFO - Received msg from Host ID #1 "b'\x00\x00\x00\x00\x01\x00\x00\x00\x01\x08\x00\x15theshire"Home of the Hobbits"'"
2025-12-11 22:19:45,413 - IRCServer[88084] - INFO - Launching server grey_havens...
2025-12-11 22:19:45,414 - IRCServer[88084] - INFO - [SERVER] Configuring the server socket...
2025-12-11 22:19:45,415 - IRCServer[88084] - INFO - [SERVER] Connecting to remote server theshire:32201...
2025-12-11 22:19:45,415 - IRCServer[88084] - INFO - Listening for new connections on port 32203
2025-12-11 22:19:45,416 - IRCServer[88084] - INFO - Received msg from Host ID #3 "b'\x00\x00\x00\x00\x03\x00\x00\x00\x00\x0b\x00\x1cgrey_havens"Gates to the Blessed Realm"'"
2025-12-11 22:19:45,417 - IRCServer[88084] - INFO - Sending message to Host ID #2 "b'\x00\x00\x00\x00\x03\x00\x00\x00\x01\x0b\x00\x1cgrey_havens"Gates to the Blessed Realm"'"
2025-12-11 22:19:45,418 - IRCServer[88084] - INFO - Received msg from Host ID #1 "b'\x00\x00\x00\x00\x01\x00\x00\x00\x01\x08\x00\x15theshire"Home of the Hobbits"'"
2025-12-11 22:19:45,418 - IRCServer[88084] - INFO - Received msg from Host ID #3 "b'\x00\x00\x00\x00\x03\x00\x00\x00\x01\x0b\x00\x1cgrey_havens"Gates to the Blessed Realm"'"
2025-12-11 22:19:45,418 - IRCServer[88084] - INFO - Received msg from Host ID #2 "b'\x00\x00\x00\x00\x02\x00\x00\x00\x01\t\x00\x0frivendale"Elronds House"'"
2025-12-11 22:19:45,667 - IRCServer[88084] - INFO - Launching server lothlorien...
2025-12-11 22:19:45,669 - IRCServer[88084] - INFO - [SERVER] Configuring the server socket...
2025-12-11 22:19:45,669 - IRCServer[88084] - INFO - [SERVER] Connecting to remote server rivendale:32202...
2025-12-11 22:19:45,670 - IRCServer[88084] - INFO - Listening for new connections on port 32204
2025-12-11 22:19:45,671 - IRCServer[88084] - INFO - Received msg from Host ID #4 "b'\x00\x00\x00\x00\x04\x00\x00\x00\x00\n\x00\x11lothlorien"The Golden Wood"'"
2025-12-11 22:19:45,672 - IRCServer[88084] - INFO - Sending message to Host ID #1 "b'\x00\x00\x00\x00\x04\x00\x00\x00\x02\n\x00\x11lothlorien"The Golden Wood"'"
2025-12-11 22:19:45,674 - IRCServer[88084] - INFO - Received msg from Host ID #4 "b'\x00\x00\x00\x00\x04\x00\x00\x00\x02\n\x00\x11lothlorien"The Golden Wood"'"
2025-12-11 22:19:45,675 - IRCServer[88084] - INFO - Received msg from Host ID #2 "b'\x00\x00\x00\x00\x02\x00\x00\x00\x02\t\x00\x0frivendale"Elronds House"'"
2025-12-11 22:19:45,675 - IRCServer[88084] - INFO - Sending message to Host ID #3 "b'\x00\x00\x00\x00\x04\x00\x00\x00\x01\n\x00\x11lothlorien"The Golden Wood"'"
2025-12-11 22:19:45,676 - IRCServer[88084] - INFO - Received msg from Host ID #1 "b'\x00\x00\x00\x00\x01\x00\x00\x00\x02\x08\x00\x15theshire"Home of the Hobbits"'"
2025-12-11 22:19:45,677 - IRCServer[88084] - INFO - Received msg from Host ID #4 "b'\x00\x00\x00\x00\x04\x00\x00\x00\x01\n\x00\x11lothlorien"The Golden Wood"'"
2025-12-11 22:19:45,677 - IRCServer[88084] - INFO - Received msg from Host ID #3 "b'\x00\x00\x00\x00\x03\x00\x00\x00\x02\x0b\x00\x1cgrey_havens"Gates to the Blessed Realm"'"
2025-12-11 22:19:45,929 - IRCServer[88084] - INFO - Launching server moria...
2025-12-11 22:19:45,944 - IRCServer[88084] - INFO - [SERVER] Configuring the server socket...
2025-12-11 22:19:45,959 - IRCServer[88084] - INFO - [SERVER] Connecting to remote server rivendale:32202...
2025-12-11 22:19:45,978 - IRCServer[88084] - INFO - Listening for new connections on port 32205
2025-12-11 22:19:45,980 - IRCServer[88084] - INFO - Received msg from Host ID #5 "b'\x00\x00\x00\x00\x05\x00\x00\x00\x00\x05\x00\x0fmoria"The Black Pit"'"
2025-12-11 22:19:45,982 - IRCServer[88084] - INFO - Sending message to Host ID #1 "b'\x00\x00\x00\x00\x05\x00\x00\x00\x02\x05\x00\x0fmoria"The Black Pit"'"
2025-12-11 22:19:45,984 - IRCServer[88084] - INFO - Sending message to Host ID #4 "b'\x00\x00\x00\x00\x05\x00\x00\x00\x02\x05\x00\x0fmoria"The Black Pit"'"
2025-12-11 22:19:45,994 - IRCServer[88084] - INFO - Received msg from Host ID #5 "b'\x00\x00\x00\x00\x05\x00\x00\x00\x02\x05\x00\x0fmoria"The Black Pit"'"
2025-12-11 22:19:45,994 - IRCServer[88084] - INFO - Received msg from Host ID #2 "b'\x00\x00\x00\x00\x02\x00\x00\x00\x02\t\x00\x0frivendale"Elronds House"'"
2025-12-11 22:19:45,995 - IRCServer[88084] - INFO - Received msg from Host ID #5 "b'\x00\x00\x00\x00\x05\x00\x00\x00\x02\x05\x00\x0fmoria"The Black Pit"'"
2025-12-11 22:19:46,010 - IRCServer[88084] - INFO - Sending message to Host ID #3 "b'\x00\x00\x00\x00\x05\x00\x00\x00\x01\x05\x00\x0fmoria"The Black Pit"'"
2025-12-11 22:19:46,011 - IRCServer[88084] - INFO - Received msg from Host ID #1 "b'\x00\x00\x00\x00\x01\x00\x00\x00\x02\x08\x00\x15theshire"Home of the Hobbits"'"
2025-12-11 22:19:46,019 - IRCServer[88084] - INFO - Received msg from Host ID #5 "b'\x00\x00\x00\x00\x05\x00\x00\x00\x01\x05\x00\x0fmoria"The Black Pit"'"
2025-12-11 22:19:46,019 - IRCServer[88084] - INFO - Received msg from Host ID #3 "b'\x00\x00\x00\x00\x03\x00\x00\x00\x02\x0b\x00\x1cgrey_havens"Gates to the Blessed Realm"'"
2025-12-11 22:19:46,027 - IRCServer[88084] - INFO - Received msg from Host ID #4 "b'\x00\x00\x00\x00\x04\x00\x00\x00\x02\n\x00\x11lothlorien"The Golden Wood"'"
2025-12-11 22:19:46,189 - IRCServer[88084] - INFO - Launching server edoras...
2025-12-11 22:19:46,191 - IRCServer[88084] - INFO - [SERVER] Configuring the server socket...
2025-12-11 22:19:46,194 - IRCServer[88084] - INFO - [SERVER] Connecting to remote server lothlorien:32204...
2025-12-11 22:19:46,196 - IRCServer[88084] - INFO - Listening for new connections on port 32206
2025-12-11 22:19:46,198 - IRCServer[88084] - INFO - Received msg from Host ID #6 "b'\x00\x00\x00\x00\x06\x00\x00\x00\x00\x06\x00%edoras"Home of the Golden Hall of Meduseld"'"
2025-12-11 22:19:46,199 - IRCServer[88084] - INFO - Sending message to Host ID #2 "b'\x00\x00\x00\x00\x06\x00\x00\x00\x04\x06\x00%edoras"Home of the Golden Hall of Meduseld"'"
2025-12-11 22:19:46,200 - IRCServer[88084] - INFO - Received msg from Host ID #6 "b'\x00\x00\x00\x00\x06\x00\x00\x00\x04\x06\x00%edoras"Home of the Golden Hall of Meduseld"'"
2025-12-11 22:19:46,200 - IRCServer[88084] - INFO - Received msg from Host ID #4 "b'\x00\x00\x00\x00\x04\x00\x00\x00\x04\n\x00\x11lothlorien"The Golden Wood"'"
2025-12-11 22:19:46,201 - IRCServer[88084] - INFO - Sending message to Host ID #1 "b'\x00\x00\x00\x00\x06\x00\x00\x00\x02\x06\x00%edoras"Home of the Golden Hall of Meduseld"'"
2025-12-11 22:19:46,201 - IRCServer[88084] - INFO - Received msg from Host ID #2 "b'\x00\x00\x00\x00\x02\x00\x00\x00\x04\t\x00\x0frivendale"Elronds House"'"
2025-12-11 22:19:46,202 - IRCServer[88084] - INFO - Sending message to Host ID #5 "b'\x00\x00\x00\x00\x06\x00\x00\x00\x02\x06\x00%edoras"Home of the Golden Hall of Meduseld"'"
2025-12-11 22:19:46,202 - IRCServer[88084] - INFO - Received msg from Host ID #1 "b'\x00\x00\x00\x00\x01\x00\x00\x00\x04\x08\x00\x15theshire"Home of the Hobbits"'"
2025-12-11 22:19:46,204 - IRCServer[88084] - INFO - Received msg from Host ID #3 "b'\x00\x00\x00\x00\x03\x00\x00\x00\x04\x0b\x00\x1cgrey_havens"Gates to the Blessed Realm"'"
2025-12-11 22:19:46,204 - IRCServer[88084] - INFO - Received msg from Host ID #6 "b'\x00\x00\x00\x00\x06\x00\x00\x00\x02\x06\x00%edoras"Home of the Golden Hall of Meduseld"'"
2025-12-11 22:19:46,206 - IRCServer[88084] - INFO - Received msg from Host ID #5 "b'\x00\x00\x00\x00\x05\x00\x00\x00\x04\x05\x00\x0fmoria"The Black Pit"'"
2025-12-11 22:19:46,205 - IRCServer[88084] - INFO - Received msg from Host ID #6 "b'\x00\x00\x00\x00\x06\x00\x00\x00\x02\x06\x00%edoras"Home of the Golden Hall of Meduseld"'"
2025-12-11 22:19:46,207 - IRCServer[88084] - INFO - Sending message to Host ID #3 "b'\x00\x00\x00\x00\x06\x00\x00\x00\x01\x06\x00%edoras"Home of the Golden Hall of Meduseld"'"
2025-12-11 22:19:46,210 - IRCServer[88084] - INFO - Received msg from Host ID #6 "b'\x00\x00\x00\x00\x06\x00\x00\x00\x01\x06\x00%edoras"Home of the Golden Hall of Meduseld"'"
2025-12-11 22:19:46,447 - IRCServer[88084] - INFO - Launching server minastirith...
2025-12-11 22:19:46,449 - IRCServer[88084] - INFO - [SERVER] Configuring the server socket...
2025-12-11 22:19:46,451 - IRCServer[88084] - INFO - [SERVER] Connecting to remote server lothlorien:32204...
2025-12-11 22:19:46,453 - IRCServer[88084] - INFO - Listening for new connections on port 32207
2025-12-11 22:19:46,455 - IRCServer[88084] - INFO - Received msg from Host ID #7 "b'\x00\x00\x00\x00\x07\x00\x00\x00\x00\x0b\x00\x10minastirith"Tower of Guard"'"
2025-12-11 22:19:46,457 - IRCServer[88084] - INFO - Sending message to Host ID #2 "b'\x00\x00\x00\x00\x07\x00\x00\x00\x04\x0b\x00\x10minastirith"Tower of Guard"'"
2025-12-11 22:19:46,459 - IRCServer[88084] - INFO - Sending message to Host ID #6 "b'\x00\x00\x00\x00\x07\x00\x00\x00\x04\x0b\x00\x10minastirith"Tower of Guard"'"
2025-12-11 22:19:46,460 - IRCServer[88084] - INFO - Received msg from Host ID #7 "b'\x00\x00\x00\x00\x07\x00\x00\x00\x04\x0b\x00\x10minastirith"Tower of Guard"'"
2025-12-11 22:19:46,461 - IRCServer[88084] - INFO - Received msg from Host ID #4 "b'\x00\x00\x00\x00\x04\x00\x00\x00\x04\n\x00\x11lothlorien"The Golden Wood"'"
2025-12-11 22:19:46,461 - IRCServer[88084] - INFO - Sending message to Host ID #1 "b'\x00\x00\x00\x00\x07\x00\x00\x00\x02\x0b\x00\x10minastirith"Tower of Guard"'"
2025-12-11 22:19:46,461 - IRCServer[88084] - INFO - Received msg from Host ID #7 "b'\x00\x00\x00\x00\x07\x00\x00\x00\x04\x0b\x00\x10minastirith"Tower of Guard"'"
2025-12-11 22:19:46,462 - IRCServer[88084] - INFO - Received msg from Host ID #2 "b'\x00\x00\x00\x00\x02\x00\x00\x00\x04\t\x00\x0frivendale"Elronds House"'"
2025-12-11 22:19:46,463 - IRCServer[88084] - INFO - Sending message to Host ID #5 "b'\x00\x00\x00\x00\x07\x00\x00\x00\x02\x0b\x00\x10minastirith"Tower of Guard"'"
2025-12-11 22:19:46,465 - IRCServer[88084] - INFO - Received msg from Host ID #1 "b'\x00\x00\x00\x00\x01\x00\x00\x00\x04\x08\x00\x15theshire"Home of the Hobbits"'"
2025-12-11 22:19:46,465 - IRCServer[88084] - INFO - Received msg from Host ID #7 "b'\x00\x00\x00\x00\x07\x00\x00\x00\x02\x0b\x00\x10minastirith"Tower of Guard"'"
2025-12-11 22:19:46,467 - IRCServer[88084] - INFO - Received msg from Host ID #7 "b'\x00\x00\x00\x00\x07\x00\x00\x00\x02\x0b\x00\x10minastirith"Tower of Guard"'"
2025-12-11 22:19:46,468 - IRCServer[88084] - INFO - Received msg from Host ID #3 "b'\x00\x00\x00\x00\x03\x00\x00\x00\x04\x0b\x00\x1cgrey_havens"Gates to the Blessed Realm"'"
2025-12-11 22:19:46,469 - IRCServer[88084] - INFO - Sending message to Host ID #3 "b'\x00\x00\x00\x00\x07\x00\x00\x00\x01\x0b\x00\x10minastirith"Tower of Guard"'"
2025-12-11 22:19:46,470 - IRCServer[88084] - INFO - Received msg from Host ID #5 "b'\x00\x00\x00\x00\x05\x00\x00\x00\x04\x05\x00\x0fmoria"The Black Pit"'"
2025-12-11 22:19:46,471 - IRCServer[88084] - INFO - Received msg from Host ID #6 "b'\x00\x00\x00\x00\x06\x00\x00\x00\x04\x06\x00%edoras"Home of the Golden Hall of Meduseld"'"
2025-12-11 22:19:46,473 - IRCServer[88084] - INFO - Received msg from Host ID #7 "b'\x00\x00\x00\x00\x07\x00\x00\x00\x01\x0b\x00\x10minastirith"Tower of Guard"'"
2025-12-11 22:19:46,707 - IRCServer[88084] - INFO - Launching server mirkwood...
2025-12-11 22:19:46,711 - IRCServer[88084] - INFO - [SERVER] Configuring the server socket...
2025-12-11 22:19:46,719 - IRCServer[88084] - INFO - [SERVER] Connecting to remote server rivendale:32202...
2025-12-11 22:19:46,721 - IRCServer[88084] - INFO - Listening for new connections on port 32208
2025-12-11 22:19:46,724 - IRCServer[88084] - INFO - Received msg from Host ID #8 "b'\x00\x00\x00\x00\x08\x00\x00\x00\x00\x08\x00\x15mirkwood"Wood of Greenleaves"'"
2025-12-11 22:19:46,726 - IRCServer[88084] - INFO - Sending message to Host ID #1 "b'\x00\x00\x00\x00\x08\x00\x00\x00\x02\x08\x00\x15mirkwood"Wood of Greenleaves"'"
2025-12-11 22:19:46,727 - IRCServer[88084] - INFO - Sending message to Host ID #4 "b'\x00\x00\x00\x00\x08\x00\x00\x00\x02\x08\x00\x15mirkwood"Wood of Greenleaves"'"
2025-12-11 22:19:46,728 - IRCServer[88084] - INFO - Sending message to Host ID #5 "b'\x00\x00\x00\x00\x08\x00\x00\x00\x02\x08\x00\x15mirkwood"Wood of Greenleaves"'"
2025-12-11 22:19:46,733 - IRCServer[88084] - INFO - Received msg from Host ID #8 "b'\x00\x00\x00\x00\x08\x00\x00\x00\x02\x08\x00\x15mirkwood"Wood of Greenleaves"'"
2025-12-11 22:19:46,733 - IRCServer[88084] - INFO - Received msg from Host ID #8 "b'\x00\x00\x00\x00\x08\x00\x00\x00\x02\x08\x00\x15mirkwood"Wood of Greenleaves"'"
2025-12-11 22:19:46,735 - IRCServer[88084] - INFO - Received msg from Host ID #8 "b'\x00\x00\x00\x00\x08\x00\x00\x00\x02\x08\x00\x15mirkwood"Wood of Greenleaves"'"
2025-12-11 22:19:46,733 - IRCServer[88084] - INFO - Received msg from Host ID #2 "b'\x00\x00\x00\x00\x02\x00\x00\x00\x02\t\x00\x0frivendale"Elronds House"'"
2025-12-11 22:19:46,737 - IRCServer[88084] - INFO - Sending message to Host ID #3 "b'\x00\x00\x00\x00\x08\x00\x00\x00\x01\x08\x00\x15mirkwood"Wood of Greenleaves"'"
2025-12-11 22:19:46,739 - IRCServer[88084] - INFO - Sending message to Host ID #6 "b'\x00\x00\x00\x00\x08\x00\x00\x00\x04\x08\x00\x15mirkwood"Wood of Greenleaves"'"
2025-12-11 22:19:46,741 - IRCServer[88084] - INFO - Sending message to Host ID #7 "b'\x00\x00\x00\x00\x08\x00\x00\x00\x04\x08\x00\x15mirkwood"Wood of Greenleaves"'"
2025-12-11 22:19:46,741 - IRCServer[88084] - INFO - Received msg from Host ID #8 "b'\x00\x00\x00\x00\x08\x00\x00\x00\x01\x08\x00\x15mirkwood"Wood of Greenleaves"'"
2025-12-11 22:19:46,742 - IRCServer[88084] - INFO - Received msg from Host ID #1 "b'\x00\x00\x00\x00\x01\x00\x00\x00\x02\x08\x00\x15theshire"Home of the Hobbits"'"
2025-12-11 22:19:46,744 - IRCServer[88084] - INFO - Received msg from Host ID #8 "b'\x00\x00\x00\x00\x08\x00\x00\x00\x04\x08\x00\x15mirkwood"Wood of Greenleaves"'"
2025-12-11 22:19:46,749 - IRCServer[88084] - INFO - Received msg from Host ID #8 "b'\x00\x00\x00\x00\x08\x00\x00\x00\x04\x08\x00\x15mirkwood"Wood of Greenleaves"'"
2025-12-11 22:19:46,764 - IRCServer[88084] - INFO - Received msg from Host ID #3 "b'\x00\x00\x00\x00\x03\x00\x00\x00\x02\x0b\x00\x1cgrey_havens"Gates to the Blessed Realm"'"
2025-12-11 22:19:46,812 - IRCServer[88084] - INFO - Received msg from Host ID #4 "b'\x00\x00\x00\x00\x04\x00\x00\x00\x02\n\x00\x11lothlorien"The Golden Wood"'"
2025-12-11 22:19:46,883 - IRCServer[88084] - INFO - Received msg from Host ID #5 "b'\x00\x00\x00\x00\x05\x00\x00\x00\x02\x05\x00\x0fmoria"The Black Pit"'"
2025-12-11 22:19:46,896 - IRCServer[88084] - INFO - Received msg from Host ID #6 "b'\x00\x00\x00\x00\x06\x00\x00\x00\x02\x06\x00%edoras"Home of the Golden Hall of Meduseld"'"
2025-12-11 22:19:46,925 - IRCServer[88084] - INFO - Received msg from Host ID #7 "b'\x00\x00\x00\x00\x07\x00\x00\x00\x02\x0b\x00\x10minastirith"Tower of Guard"'"
2025-12-11 22:19:46,965 - IRCServer[88084] - INFO - Launching server isengard...
2025-12-11 22:19:46,971 - IRCServer[88084] - INFO - [SERVER] Configuring the server socket...
2025-12-11 22:19:46,979 - IRCServer[88084] - INFO - [SERVER] Connecting to remote server edoras:32206...
2025-12-11 22:19:46,998 - IRCServer[88084] - INFO - Listening for new connections on port 32209
2025-12-11 22:19:47,007 - IRCServer[88084] - INFO - Received msg from Host ID #9 "b'\x00\x00\x00\x00\t\x00\x00\x00\x00\x08\x00\x1disengard"Angrenost, The Iron Fortres"'"
2025-12-11 22:19:47,009 - IRCServer[88084] - INFO - Sending message to Host ID #4 "b'\x00\x00\x00\x00\t\x00\x00\x00\x06\x08\x00\x1disengard"Angrenost, The Iron Fortres"'"
2025-12-11 22:19:47,012 - IRCServer[88084] - INFO - Received msg from Host ID #9 "b'\x00\x00\x00\x00\t\x00\x00\x00\x06\x08\x00\x1disengard"Angrenost, The Iron Fortres"'"
2025-12-11 22:19:47,015 - IRCServer[88084] - INFO - Received msg from Host ID #6 "b'\x00\x00\x00\x00\x06\x00\x00\x00\x06\x06\x00%edoras"Home of the Golden Hall of Meduseld"'"
2025-12-11 22:19:47,016 - IRCServer[88084] - INFO - Sending message to Host ID #2 "b'\x00\x00\x00\x00\t\x00\x00\x00\x04\x08\x00\x1disengard"Angrenost, The Iron Fortres"'"
2025-12-11 22:19:47,021 - IRCServer[88084] - INFO - Received msg from Host ID #4 "b'\x00\x00\x00\x00\x04\x00\x00\x00\x06\n\x00\x11lothlorien"The Golden Wood"'"
2025-12-11 22:19:47,022 - IRCServer[88084] - INFO - Sending message to Host ID #7 "b'\x00\x00\x00\x00\t\x00\x00\x00\x04\x08\x00\x1disengard"Angrenost, The Iron Fortres"'"
2025-12-11 22:19:47,025 - IRCServer[88084] - INFO - Received msg from Host ID #2 "b'\x00\x00\x00\x00\x02\x00\x00\x00\x06\t\x00\x0frivendale"Elronds House"'"
2025-12-11 22:19:47,027 - IRCServer[88084] - INFO - Received msg from Host ID #9 "b'\x00\x00\x00\x00\t\x00\x00\x00\x04\x08\x00\x1disengard"Angrenost, The Iron Fortres"'"
2025-12-11 22:19:47,028 - IRCServer[88084] - INFO - Received msg from Host ID #9 "b'\x00\x00\x00\x00\t\x00\x00\x00\x04\x08\x00\x1disengard"Angrenost, The Iron Fortres"'"
2025-12-11 22:19:47,028 - IRCServer[88084] - INFO - Received msg from Host ID #1 "b'\x00\x00\x00\x00\x01\x00\x00\x00\x06\x08\x00\x15theshire"Home of the Hobbits"'"
2025-12-11 22:19:47,036 - IRCServer[88084] - INFO - Sending message to Host ID #1 "b'\x00\x00\x00\x00\t\x00\x00\x00\x02\x08\x00\x1disengard"Angrenost, The Iron Fortres"'"
2025-12-11 22:19:47,039 - IRCServer[88084] - INFO - Received msg from Host ID #3 "b'\x00\x00\x00\x00\x03\x00\x00\x00\x06\x0b\x00\x1cgrey_havens"Gates to the Blessed Realm"'"
2025-12-11 22:19:47,041 - IRCServer[88084] - INFO - Sending message to Host ID #5 "b'\x00\x00\x00\x00\t\x00\x00\x00\x02\x08\x00\x1disengard"Angrenost, The Iron Fortres"'"
2025-12-11 22:19:47,045 - IRCServer[88084] - INFO - Received msg from Host ID #5 "b'\x00\x00\x00\x00\x05\x00\x00\x00\x06\x05\x00\x0fmoria"The Black Pit"'"
2025-12-11 22:19:47,047 - IRCServer[88084] - INFO - Sending message to Host ID #8 "b'\x00\x00\x00\x00\t\x00\x00\x00\x02\x08\x00\x1disengard"Angrenost, The Iron Fortres"'"
2025-12-11 22:19:47,051 - IRCServer[88084] - INFO - Received msg from Host ID #7 "b'\x00\x00\x00\x00\x07\x00\x00\x00\x06\x0b\x00\x10minastirith"Tower of Guard"'"
2025-12-11 22:19:47,058 - IRCServer[88084] - INFO - Received msg from Host ID #8 "b'\x00\x00\x00\x00\x08\x00\x00\x00\x06\x08\x00\x15mirkwood"Wood of Greenleaves"'"
2025-12-11 22:19:47,059 - IRCServer[88084] - INFO - Received msg from Host ID #9 "b'\x00\x00\x00\x00\t\x00\x00\x00\x02\x08\x00\x1disengard"Angrenost, The Iron Fortres"'"
2025-12-11 22:19:47,060 - IRCServer[88084] - INFO - Received msg from Host ID #9 "b'\x00\x00\x00\x00\t\x00\x00\x00\x02\x08\x00\x1disengard"Angrenost, The Iron Fortres"'"
2025-12-11 22:19:47,061 - IRCServer[88084] - INFO - Received msg from Host ID #9 "b'\x00\x00\x00\x00\t\x00\x00\x00\x02\x08\x00\x1disengard"Angrenost, The Iron Fortres"'"
2025-12-11 22:19:47,068 - IRCServer[88084] - INFO - Sending message to Host ID #3 "b'\x00\x00\x00\x00\t\x00\x00\x00\x01\x08\x00\x1disengard"Angrenost, The Iron Fortres"'"
2025-12-11 22:19:47,070 - IRCServer[88084] - INFO - Received msg from Host ID #9 "b'\x00\x00\x00\x00\t\x00\x00\x00\x01\x08\x00\x1disengard"Angrenost, The Iron Fortres"'"
2025-12-11 22:19:47,229 - IRCServer[88084] - INFO - Launching server osgiliath...
2025-12-11 22:19:47,234 - IRCServer[88084] - INFO - [SERVER] Configuring the server socket...
2025-12-11 22:19:47,240 - IRCServer[88084] - INFO - [SERVER] Connecting to remote server minastirith:32207...
2025-12-11 22:19:47,243 - IRCServer[88084] - INFO - Listening for new connections on port 32210
2025-12-11 22:19:47,247 - IRCServer[88084] - INFO - Received msg from Host ID #10 "b'\x00\x00\x00\x00\n\x00\x00\x00\x00\t\x00\x16osgiliath"Citadel of the Stars"'"
2025-12-11 22:19:47,249 - IRCServer[88084] - INFO - Sending message to Host ID #4 "b'\x00\x00\x00\x00\n\x00\x00\x00\x07\t\x00\x16osgiliath"Citadel of the Stars"'"
2025-12-11 22:19:47,252 - IRCServer[88084] - INFO - Received msg from Host ID #10 "b'\x00\x00\x00\x00\n\x00\x00\x00\x07\t\x00\x16osgiliath"Citadel of the Stars"'"
2025-12-11 22:19:47,253 - IRCServer[88084] - INFO - Received msg from Host ID #7 "b'\x00\x00\x00\x00\x07\x00\x00\x00\x07\x0b\x00\x10minastirith"Tower of Guard"'"
2025-12-11 22:19:47,253 - IRCServer[88084] - INFO - Sending message to Host ID #2 "b'\x00\x00\x00\x00\n\x00\x00\x00\x04\t\x00\x16osgiliath"Citadel of the Stars"'"
2025-12-11 22:19:47,254 - IRCServer[88084] - INFO - Received msg from Host ID #4 "b'\x00\x00\x00\x00\x04\x00\x00\x00\x07\n\x00\x11lothlorien"The Golden Wood"'"
2025-12-11 22:19:47,256 - IRCServer[88084] - INFO - Sending message to Host ID #6 "b'\x00\x00\x00\x00\n\x00\x00\x00\x04\t\x00\x16osgiliath"Citadel of the Stars"'"
2025-12-11 22:19:47,256 - IRCServer[88084] - INFO - Received msg from Host ID #2 "b'\x00\x00\x00\x00\x02\x00\x00\x00\x07\t\x00\x0frivendale"Elronds House"'"
2025-12-11 22:19:47,258 - IRCServer[88084] - INFO - Received msg from Host ID #10 "b'\x00\x00\x00\x00\n\x00\x00\x00\x04\t\x00\x16osgiliath"Citadel of the Stars"'"
2025-12-11 22:19:47,258 - IRCServer[88084] - INFO - Received msg from Host ID #10 "b'\x00\x00\x00\x00\n\x00\x00\x00\x04\t\x00\x16osgiliath"Citadel of the Stars"'"
2025-12-11 22:19:47,261 - IRCServer[88084] - INFO - Received msg from Host ID #1 "b'\x00\x00\x00\x00\x01\x00\x00\x00\x07\x08\x00\x15theshire"Home of the Hobbits"'"
2025-12-11 22:19:47,261 - IRCServer[88084] - INFO - Sending message to Host ID #9 "b'\x00\x00\x00\x00\n\x00\x00\x00\x06\t\x00\x16osgiliath"Citadel of the Stars"'"
2025-12-11 22:19:47,263 - IRCServer[88084] - INFO - Received msg from Host ID #3 "b'\x00\x00\x00\x00\x03\x00\x00\x00\x07\x0b\x00\x1cgrey_havens"Gates to the Blessed Realm"'"
2025-12-11 22:19:47,261 - IRCServer[88084] - INFO - Sending message to Host ID #1 "b'\x00\x00\x00\x00\n\x00\x00\x00\x02\t\x00\x16osgiliath"Citadel of the Stars"'"
2025-12-11 22:19:47,267 - IRCServer[88084] - INFO - Sending message to Host ID #5 "b'\x00\x00\x00\x00\n\x00\x00\x00\x02\t\x00\x16osgiliath"Citadel of the Stars"'"
2025-12-11 22:19:47,268 - IRCServer[88084] - INFO - Received msg from Host ID #10 "b'\x00\x00\x00\x00\n\x00\x00\x00\x06\t\x00\x16osgiliath"Citadel of the Stars"'"
2025-12-11 22:19:47,268 - IRCServer[88084] - INFO - Received msg from Host ID #5 "b'\x00\x00\x00\x00\x05\x00\x00\x00\x07\x05\x00\x0fmoria"The Black Pit"'"
2025-12-11 22:19:47,269 - IRCServer[88084] - INFO - Sending message to Host ID #8 "b'\x00\x00\x00\x00\n\x00\x00\x00\x02\t\x00\x16osgiliath"Citadel of the Stars"'"
2025-12-11 22:19:47,272 - IRCServer[88084] - INFO - Received msg from Host ID #6 "b'\x00\x00\x00\x00\x06\x00\x00\x00\x07\x06\x00%edoras"Home of the Golden Hall of Meduseld"'"
2025-12-11 22:19:47,273 - IRCServer[88084] - INFO - Received msg from Host ID #10 "b'\x00\x00\x00\x00\n\x00\x00\x00\x02\t\x00\x16osgiliath"Citadel of the Stars"'"
2025-12-11 22:19:47,273 - IRCServer[88084] - INFO - Received msg from Host ID #10 "b'\x00\x00\x00\x00\n\x00\x00\x00\x02\t\x00\x16osgiliath"Citadel of the Stars"'"
2025-12-11 22:19:47,274 - IRCServer[88084] - INFO - Received msg from Host ID #10 "b'\x00\x00\x00\x00\n\x00\x00\x00\x02\t\x00\x16osgiliath"Citadel of the Stars"'"
2025-12-11 22:19:47,276 - IRCServer[88084] - INFO - Received msg from Host ID #8 "b'\x00\x00\x00\x00\x08\x00\x00\x00\x07\x08\x00\x15mirkwood"Wood of Greenleaves"'"
2025-12-11 22:19:47,278 - IRCServer[88084] - INFO - Sending message to Host ID #3 "b'\x00\x00\x00\x00\n\x00\x00\x00\x01\t\x00\x16osgiliath"Citadel of the Stars"'"
2025-12-11 22:19:47,282 - IRCServer[88084] - INFO - Received msg from Host ID #9 "b'\x00\x00\x00\x00\t\x00\x00\x00\x07\x08\x00\x1disengard"Angrenost, The Iron Fortres"'"
2025-12-11 22:19:47,285 - IRCServer[88084] - INFO - Received msg from Host ID #10 "b'\x00\x00\x00\x00\n\x00\x00\x00\x01\t\x00\x16osgiliath"Citadel of the Stars"'"
2025-12-11 22:19:47,487 - IRCServer[88084] - INFO - Launching server barad-dur...
2025-12-11 22:19:47,493 - IRCServer[88084] - INFO - [SERVER] Configuring the server socket...
2025-12-11 22:19:47,502 - IRCServer[88084] - INFO - [SERVER] Connecting to remote server minastirith:32207...
2025-12-11 22:19:47,504 - IRCServer[88084] - INFO - Listening for new connections on port 32211
2025-12-11 22:19:47,508 - IRCServer[88084] - INFO - Received msg from Host ID #11 "b'\x00\x00\x00\x00\x0b\x00\x00\x00\x00\t\x00\x10barad-dur"The Dark Tower"'"
2025-12-11 22:19:47,511 - IRCServer[88084] - INFO - Sending message to Host ID #4 "b'\x00\x00\x00\x00\x0b\x00\x00\x00\x07\t\x00\x10barad-dur"The Dark Tower"'"
2025-12-11 22:19:47,513 - IRCServer[88084] - INFO - Sending message to Host ID #10 "b'\x00\x00\x00\x00\x0b\x00\x00\x00\x07\t\x00\x10barad-dur"The Dark Tower"'"
2025-12-11 22:19:47,519 - IRCServer[88084] - INFO - Received msg from Host ID #11 "b'\x00\x00\x00\x00\x0b\x00\x00\x00\x07\t\x00\x10barad-dur"The Dark Tower"'"
2025-12-11 22:19:47,519 - IRCServer[88084] - INFO - Received msg from Host ID #11 "b'\x00\x00\x00\x00\x0b\x00\x00\x00\x07\t\x00\x10barad-dur"The Dark Tower"'"
2025-12-11 22:19:47,519 - IRCServer[88084] - INFO - Received msg from Host ID #7 "b'\x00\x00\x00\x00\x07\x00\x00\x00\x07\x0b\x00\x10minastirith"Tower of Guard"'"
2025-12-11 22:19:47,521 - IRCServer[88084] - INFO - Sending message to Host ID #2 "b'\x00\x00\x00\x00\x0b\x00\x00\x00\x04\t\x00\x10barad-dur"The Dark Tower"'"
2025-12-11 22:19:47,527 - IRCServer[88084] - INFO - Received msg from Host ID #4 "b'\x00\x00\x00\x00\x04\x00\x00\x00\x07\n\x00\x11lothlorien"The Golden Wood"'"
2025-12-11 22:19:47,527 - IRCServer[88084] - INFO - Sending message to Host ID #6 "b'\x00\x00\x00\x00\x0b\x00\x00\x00\x04\t\x00\x10barad-dur"The Dark Tower"'"
2025-12-11 22:19:47,529 - IRCServer[88084] - INFO - Received msg from Host ID #2 "b'\x00\x00\x00\x00\x02\x00\x00\x00\x07\t\x00\x0frivendale"Elronds House"'"
2025-12-11 22:19:47,532 - IRCServer[88084] - INFO - Received msg from Host ID #1 "b'\x00\x00\x00\x00\x01\x00\x00\x00\x07\x08\x00\x15theshire"Home of the Hobbits"'"
2025-12-11 22:19:47,533 - IRCServer[88084] - INFO - Received msg from Host ID #11 "b'\x00\x00\x00\x00\x0b\x00\x00\x00\x04\t\x00\x10barad-dur"The Dark Tower"'"
2025-12-11 22:19:47,533 - IRCServer[88084] - INFO - Received msg from Host ID #11 "b'\x00\x00\x00\x00\x0b\x00\x00\x00\x04\t\x00\x10barad-dur"The Dark Tower"'"
2025-12-11 22:19:47,534 - IRCServer[88084] - INFO - Received msg from Host ID #3 "b'\x00\x00\x00\x00\x03\x00\x00\x00\x07\x0b\x00\x1cgrey_havens"Gates to the Blessed Realm"'"
2025-12-11 22:19:47,535 - IRCServer[88084] - INFO - Sending message to Host ID #9 "b'\x00\x00\x00\x00\x0b\x00\x00\x00\x06\t\x00\x10barad-dur"The Dark Tower"'"
2025-12-11 22:19:47,536 - IRCServer[88084] - INFO - Sending message to Host ID #1 "b'\x00\x00\x00\x00\x0b\x00\x00\x00\x02\t\x00\x10barad-dur"The Dark Tower"'"
2025-12-11 22:19:47,538 - IRCServer[88084] - INFO - Received msg from Host ID #5 "b'\x00\x00\x00\x00\x05\x00\x00\x00\x07\x05\x00\x0fmoria"The Black Pit"'"
2025-12-11 22:19:47,539 - IRCServer[88084] - INFO - Received msg from Host ID #11 "b'\x00\x00\x00\x00\x0b\x00\x00\x00\x06\t\x00\x10barad-dur"The Dark Tower"'"
2025-12-11 22:19:47,541 - IRCServer[88084] - INFO - Sending message to Host ID #5 "b'\x00\x00\x00\x00\x0b\x00\x00\x00\x02\t\x00\x10barad-dur"The Dark Tower"'"
2025-12-11 22:19:47,542 - IRCServer[88084] - INFO - Received msg from Host ID #6 "b'\x00\x00\x00\x00\x06\x00\x00\x00\x07\x06\x00%edoras"Home of the Golden Hall of Meduseld"'"
2025-12-11 22:19:47,545 - IRCServer[88084] - INFO - Sending message to Host ID #8 "b'\x00\x00\x00\x00\x0b\x00\x00\x00\x02\t\x00\x10barad-dur"The Dark Tower"'"
2025-12-11 22:19:47,546 - IRCServer[88084] - INFO - Received msg from Host ID #8 "b'\x00\x00\x00\x00\x08\x00\x00\x00\x07\x08\x00\x15mirkwood"Wood of Greenleaves"'"
2025-12-11 22:19:47,547 - IRCServer[88084] - INFO - Received msg from Host ID #11 "b'\x00\x00\x00\x00\x0b\x00\x00\x00\x02\t\x00\x10barad-dur"The Dark Tower"'"
2025-12-11 22:19:47,548 - IRCServer[88084] - INFO - Received msg from Host ID #9 "b'\x00\x00\x00\x00\t\x00\x00\x00\x07\x08\x00\x1disengard"Angrenost, The Iron Fortres"'"
2025-12-11 22:19:47,548 - IRCServer[88084] - INFO - Received msg from Host ID #11 "b'\x00\x00\x00\x00\x0b\x00\x00\x00\x02\t\x00\x10barad-dur"The Dark Tower"'"
2025-12-11 22:19:47,551 - IRCServer[88084] - INFO - Sending message to Host ID #3 "b'\x00\x00\x00\x00\x0b\x00\x00\x00\x01\t\x00\x10barad-dur"The Dark Tower"'"
2025-12-11 22:19:47,552 - IRCServer[88084] - INFO - Received msg from Host ID #10 "b'\x00\x00\x00\x00\n\x00\x00\x00\x07\t\x00\x16osgiliath"Citadel of the Stars"'"
2025-12-11 22:19:47,551 - IRCServer[88084] - INFO - Received msg from Host ID #11 "b'\x00\x00\x00\x00\x0b\x00\x00\x00\x02\t\x00\x10barad-dur"The Dark Tower"'"
2025-12-11 22:19:47,556 - IRCServer[88084] - INFO - Received msg from Host ID #11 "b'\x00\x00\x00\x00\x0b\x00\x00\x00\x01\t\x00\x10barad-dur"The Dark Tower"'"
2025-12-11 22:19:48,994 - IRCServer[88084] - INFO - Cleaning up the server
2025-12-11 22:19:49,001 - IRCServer[88084] - INFO - Cleaning up the server
2025-12-11 22:19:49,103 - IRCServer[88084] - INFO - Cleaning up the server
2025-12-11 22:19:49,104 - IRCServer[88084] - INFO - Cleaning up the server
2025-12-11 22:19:49,207 - IRCServer[88084] - INFO - Cleaning up the server
2025-12-11 22:19:49,210 - IRCServer[88084] - INFO - Cleaning up the server
2025-12-11 22:19:49,212 - IRCServer[88084] - INFO - Cleaning up the server
2025-12-11 22:19:49,309 - IRCServer[88084] - INFO - Cleaning up the server
2025-12-11 22:19:49,313 - IRCServer[88084] - INFO - Cleaning up the server
2025-12-11 22:19:49,315 - IRCServer[88084] - INFO - Cleaning up the server
2025-12-11 22:19:49,416 - IRCServer[88084] - INFO - Cleaning up the server
4] - INFO - Sending message to Host ID #6 "b'\x00\x00\x00\x00\x0b\x00\x00\x00\x04\t\x00\x10barad-dur"The Dark Tower"'"
2025-12-11 22:19:47,529 - IRCServer[88084] - INFO - Received msg from Host ID #2 "b'\x00\x00\x00\x00\x02\x00\x00\x00\x07\t\x00\x0frivendale"Elronds House"'"
2025-12-11 22:19:47,532 - IRCServer[88084] - INFO - Received msg from Host ID #1 "b'\x00\x00\x00\x00\x01\x00\x00\x00\x07\x08\x00\x15theshire"Home of the Hobbits"'"
2025-12-11 22:19:47,533 - IRCServer[88084] - INFO - Received msg from Host ID #11 "b'\x00\x00\x00\x00\x0b\x00\x00\x00\x04\t\x00\x10barad-dur"The Dark Tower"'"
2025-12-11 22:19:47,533 - IRCServer[88084] - INFO - Received msg from Host ID #11 "b'\x00\x00\x00\x00\x0b\x00\x00\x00\x04\t\x00\x10barad-dur"The Dark Tower"'"
2025-12-11 22:19:47,534 - IRCServer[88084] - INFO - Received msg from Host ID #3 "b'\x00\x00\x00\x00\x03\x00\x00\x00\x07\x0b\x00\x1cgrey_havens"Gates to the Blessed Realm"'"
2025-12-11 22:19:47,535 - IRCServer[88084] - INFO - Sending message to Host ID #9 "b'\x00\x00\x00\x00\x0b\x00\x00\x00\x06\t\x00\x10barad-dur"The Dark Tower"'"
2025-12-11 22:19:47,536 - IRCServer[88084] - INFO - Sending message to Host ID #1 "b'\x00\x00\x00\x00\x0b\x00\x00\x00\x02\t\x00\x10barad-dur"The Dark Tower"'"
2025-12-11 22:19:47,538 - IRCServer[88084] - INFO - Received msg from Host ID #5 "b'\x00\x00\x00\x00\x05\x00\x00\x00\x07\x05\x00\x0fmoria"The Black Pit"'"
2025-12-11 22:19:47,539 - IRCServer[88084] - INFO - Received msg from Host ID #11 "b'\x00\x00\x00\x00\x0b\x00\x00\x00\x06\t\x00\x10barad-dur"The Dark Tower"'"
2025-12-11 22:19:47,541 - IRCServer[88084] - INFO - Sending message to Host ID #5 "b'\x00\x00\x00\x00\x0b\x00\x00\x00\x02\t\x00\x10barad-dur"The Dark Tower"'"
2025-12-11 22:19:47,542 - IRCServer[88084] - INFO - Received msg from Host ID #6 "b'\x00\x00\x00\x00\x06\x00\x00\x00\x07\x06\x00%edoras"Home of the Golden Hall of Meduseld"'"
2025-12-11 22:19:47,545 - IRCServer[88084] - INFO - Sending message to Host ID #8 "b'\x00\x00\x00\x00\x0b\x00\x00\x00\x02\t\x00\x10barad-dur"The Dark Tower"'"
2025-12-11 22:19:47,546 - IRCServer[88084] - INFO - Received msg from Host ID #8 "b'\x00\x00\x00\x00\x08\x00\x00\x00\x07\x08\x00\x15mirkwood"Wood of Greenleaves"'"
2025-12-11 22:19:47,547 - IRCServer[88084] - INFO - Received msg from Host ID #11 "b'\x00\x00\x00\x00\x0b\x00\x00\x00\x02\t\x00\x10barad-dur"The Dark Tower"'"
2025-12-11 22:19:47,548 - IRCServer[88084] - INFO - Received msg from Host ID #9 "b'\x00\x00\x00\x00\t\x00\x00\x00\x07\x08\x00\x1disengard"Angrenost, The Iron Fortres"'"
2025-12-11 22:19:47,548 - IRCServer[88084] - INFO - Received msg from Host ID #11 "b'\x00\x00\x00\x00\x0b\x00\x00\x00\x02\t\x00\x10barad-dur"The Dark Tower"'"
2025-12-11 22:19:47,551 - IRCServer[88084] - INFO - Sending message to Host ID #3 "b'\x00\x00\x00\x00\x0b\x00\x00\x00\x01\t\x00\x10barad-dur"The Dark Tower"'"
2025-12-11 22:19:47,552 - IRCServer[88084] - INFO - Received msg from Host ID #10 "b'\x00\x00\x00\x00\n\x00\x00\x00\x07\t\x00\x16osgiliath"Citadel of the Stars"'"
2025-12-11 22:19:47,551 - IRCServer[88084] - INFO - Received msg from Host ID #11 "b'\x00\x00\x00\x00\x0b\x00\x00\x00\x02\t\x00\x10barad-dur"The Dark Tower"'"
2025-12-11 22:19:47,556 - IRCServer[88084] - INFO - Received msg from Host ID #11 "b'\x00\x00\x00\x00\x0b\x00\x00\x00\x01\t\x00\x10barad-dur"The Dark Tower"'"
2025-12-11 22:19:48,994 - IRCServer[88084] - INFO - Cleaning up the server
2025-12-11 22:19:49,001 - IRCServer[88084] - INFO - Cleaning up the server
2025-12-11 22:19:49,103 - IRCServer[88084] - INFO - Cleaning up the server
2025-12-11 22:19:49,104 - IRCServer[88084] - INFO - Cleaning up the server
2025-12-11 22:19:49,207 - IRCServer[88084] - INFO - Cleaning up the server
2025-12-11 22:19:49,210 - IRCServer[88084] - INFO - Cleaning up the server
2025-12-11 22:19:49,212 - IRCServer[88084] - INFO - Cleaning up the server
2025-12-11 22:19:49,309 - IRCServer[88084] - INFO - Cleaning up the server
2025-12-11 22:19:49,313 - IRCServer[88084] - INFO - Cleaning up the server
2025-12-11 22:19:49,315 - IRCServer[88084] - INFO - Cleaning up the server
2025-12-11 22:19:49,416 - IRCServer[88084] - INFO - Cleaning up the server
1 - IRCServer[88084] - INFO - Received msg from Host ID #11 "b'\x00\x00\x00\x00\x0b\x00\x00\x00\x02\t\x00\x10barad-dur"The Dark Tower"'"
2025-12-11 22:19:47,556 - IRCServer[88084] - INFO - Received msg from Host ID #11 "b'\x00\x00\x00\x00\x0b\x00\x00\x00\x01\t\x00\x10barad-dur"The Dark Tower"'"
2025-12-11 22:19:48,994 - IRCServer[88084] - INFO - Cleaning up the server
2025-12-11 22:19:49,001 - IRCServer[88084] - INFO - Cleaning up the server
2025-12-11 22:19:49,103 - IRCServer[88084] - INFO - Cleaning up the server
2025-12-11 22:19:49,104 - IRCServer[88084] - INFO - Cleaning up the server
2025-12-11 22:19:49,207 - IRCServer[88084] - INFO - Cleaning up the server
2025-12-11 22:19:49,210 - IRCServer[88084] - INFO - Cleaning up the server
2025-12-11 22:19:49,212 - IRCServer[88084] - INFO - Cleaning up the server
2025-12-11 22:19:49,309 - IRCServer[88084] - INFO - Cleaning up the server
2025-12-11 22:19:49,313 - IRCServer[88084] - INFO - Cleaning up the server
2025-12-11 22:19:49,315 - IRCServer[88084] - INFO - Cleaning up the server
2025-12-11 22:19:49,416 - IRCServer[88084] - INFO - Cleaning up the server
FO - Received msg from Host ID #11 "b'\x00\x00\x00\x00\x0b\x00\x00\x00\x04\t\x00\x10barad-dur"The Dark Tower"'"
2025-12-11 22:19:47,534 - IRCServer[88084] - INFO - Received msg from Host ID #3 "b'\x00\x00\x00\x00\x03\x00\x00\x00\x07\x0b\x00\x1cgrey_havens"Gates to the Blessed Realm"'"
2025-12-11 22:19:47,535 - IRCServer[88084] - INFO - Sending message to Host ID #9 "b'\x00\x00\x00\x00\x0b\x00\x00\x00\x06\t\x00\x10barad-dur"The Dark Tower"'"
2025-12-11 22:19:47,536 - IRCServer[88084] - INFO - Sending message to Host ID #1 "b'\x00\x00\x00\x00\x0b\x00\x00\x00\x02\t\x00\x10barad-dur"The Dark Tower"'"
2025-12-11 22:19:47,538 - IRCServer[88084] - INFO - Received msg from Host ID #5 "b'\x00\x00\x00\x00\x05\x00\x00\x00\x07\x05\x00\x0fmoria"The Black Pit"'"
2025-12-11 22:19:47,539 - IRCServer[88084] - INFO - Received msg from Host ID #11 "b'\x00\x00\x00\x00\x0b\x00\x00\x00\x06\t\x00\x10barad-dur"The Dark Tower"'"
2025-12-11 22:19:47,541 - IRCServer[88084] - INFO - Sending message to Host ID #5 "b'\x00\x00\x00\x00\x0b\x00\x00\x00\x02\t\x00\x10barad-dur"The Dark Tower"'"
2025-12-11 22:19:47,542 - IRCServer[88084] - INFO - Received msg from Host ID #6 "b'\x00\x00\x00\x00\x06\x00\x00\x00\x07\x06\x00%edoras"Home of the Golden Hall of Meduseld"'"
2025-12-11 22:19:47,545 - IRCServer[88084] - INFO - Sending message to Host ID #8 "b'\x00\x00\x00\x00\x0b\x00\x00\x00\x02\t\x00\x10barad-dur"The Dark Tower"'"
2025-12-11 22:19:47,546 - IRCServer[88084] - INFO - Received msg from Host ID #8 "b'\x00\x00\x00\x00\x08\x00\x00\x00\x07\x08\x00\x15mirkwood"Wood of Greenleaves"'"
2025-12-11 22:19:47,547 - IRCServer[88084] - INFO - Received msg from Host ID #11 "b'\x00\x00\x00\x00\x0b\x00\x00\x00\x02\t\x00\x10barad-dur"The Dark Tower"'"
2025-12-11 22:19:47,548 - IRCServer[88084] - INFO - Received msg from Host ID #9 "b'\x00\x00\x00\x00\t\x00\x00\x00\x07\x08\x00\x1disengard"Angrenost, The Iron Fortres"'"
2025-12-11 22:19:47,548 - IRCServer[88084] - INFO - Received msg from Host ID #11 "b'\x00\x00\x00\x00\x0b\x00\x00\x00\x02\t\x00\x10barad-dur"The Dark Tower"'"
2025-12-11 22:19:47,551 - IRCServer[88084] - INFO - Sending message to Host ID #3 "b'\x00\x00\x00\x00\x0b\x00\x00\x00\x01\t\x00\x10barad-dur"The Dark Tower"'"
2025-12-11 22:19:47,551 - IRCServer[88084] - INFO - Received msg from Host ID #11 "b'\x00\x00\x00\x00\x0b\x00\x00\x00\x02\t\x00\x10barad-dur"The Dark Tower"'"
2025-12-11 22:19:47,552 - IRCServer[88084] - INFO - Received msg from Host ID #10 "b'\x00\x00\x00\x00\n\x00\x00\x00\x07\t\x00\x16osgiliath"Citadel of the Stars"'"
2025-12-11 22:19:47,556 - IRCServer[88084] - INFO - Received msg from Host ID #11 "b'\x00\x00\x00\x00\x0b\x00\x00\x00\x01\t\x00\x10barad-dur"The Dark Tower"'"
2025-12-11 22:19:48,994 - IRCServer[88084] - INFO - Cleaning up the server
2025-12-11 22:19:49,001 - IRCServer[88084] - INFO - Cleaning up the server
2025-12-11 22:19:49,103 - IRCServer[88084] - INFO - Cleaning up the server
2025-12-11 22:19:49,104 - IRCServer[88084] - INFO - Cleaning up the server
2025-12-11 22:19:49,207 - IRCServer[88084] - INFO - Cleaning up the server
2025-12-11 22:19:49,210 - IRCServer[88084] - INFO - Cleaning up the server
2025-12-11 22:19:49,212 - IRCServer[88084] - INFO - Cleaning up the server
2025-12-11 22:19:49,309 - IRCServer[88084] - INFO - Cleaning up the server
2025-12-11 22:19:49,313 - IRCServer[88084] - INFO - Cleaning up the server
2025-12-11 22:19:49,315 - IRCServer[88084] - INFO - Cleaning up the server
2025-12-11 22:19:49,416 - IRCServer[88084] - INFO - Cleaning up the server
'\x00\x00\x00\x00\t\x00\x00\x00\x07\x08\x00\x1disengard"Angrenost, The Iron Fortres"'"
2025-12-11 22:19:47,548 - IRCServer[88084] - INFO - Received msg from Host ID #11 "b'\x00\x00\x00\x00\x0b\x00\x00\x00\x02\t\x00\x10barad-dur"The Dark Tower"'"
2025-12-11 22:19:47,551 - IRCServer[88084] - INFO - Sending message to Host ID #3 "b'\x00\x00\x00\x00\x0b\x00\x00\x00\x01\t\x00\x10barad-dur"The Dark Tower"'"
2025-12-11 22:19:47,551 - IRCServer[88084] - INFO - Received msg from Host ID #11 "b'\x00\x00\x00\x00\x0b\x00\x00\x00\x02\t\x00\x10barad-dur"The Dark Tower"'"
2025-12-11 22:19:47,552 - IRCServer[88084] - INFO - Received msg from Host ID #10 "b'\x00\x00\x00\x00\n\x00\x00\x00\x07\t\x00\x16osgiliath"Citadel of the Stars"'"
2025-12-11 22:19:47,556 - IRCServer[88084] - INFO - Received msg from Host ID #11 "b'\x00\x00\x00\x00\x0b\x00\x00\x00\x01\t\x00\x10barad-dur"The Dark Tower"'"
2025-12-11 22:19:48,994 - IRCServer[88084] - INFO - Cleaning up the server
2025-12-11 22:19:49,001 - IRCServer[88084] - INFO - Cleaning up the server
2025-12-11 22:19:49,103 - IRCServer[88084] - INFO - Cleaning up the server
2025-12-11 22:19:49,104 - IRCServer[88084] - INFO - Cleaning up the server
2025-12-11 22:19:49,207 - IRCServer[88084] - INFO - Cleaning up the server
2025-12-11 22:19:49,210 - IRCServer[88084] - INFO - Cleaning up the server
2025-12-11 22:19:49,212 - IRCServer[88084] - INFO - Cleaning up the server
2025-12-11 22:19:49,309 - IRCServer[88084] - INFO - Cleaning up the server
2025-12-11 22:19:49,313 - IRCServer[88084] - INFO - Cleaning up the server
2025-12-11 22:19:49,315 - IRCServer[88084] - INFO - Cleaning up the server
2025-12-11 22:19:49,416 - IRCServer[88084] - INFO - Cleaning up the server
 IRCServer[88084] - INFO - Cleaning up the server
2025-12-11 22:19:49,001 - IRCServer[88084] - INFO - Cleaning up the server
2025-12-11 22:19:49,103 - IRCServer[88084] - INFO - Cleaning up the server
2025-12-11 22:19:49,104 - IRCServer[88084] - INFO - Cleaning up the server
2025-12-11 22:19:49,207 - IRCServer[88084] - INFO - Cleaning up the server
2025-12-11 22:19:49,210 - IRCServer[88084] - INFO - Cleaning up the server
2025-12-11 22:19:49,212 - IRCServer[88084] - INFO - Cleaning up the server
2025-12-11 22:19:49,309 - IRCServer[88084] - INFO - Cleaning up the server
2025-12-11 22:19:49,313 - IRCServer[88084] - INFO - Cleaning up the server
2025-12-11 22:19:49,315 - IRCServer[88084] - INFO - Cleaning up the server
2025-12-11 22:19:49,416 - IRCServer[88084] - INFO - Cleaning up the server
